Using pre-set license
Built from '2022.3/staging' branch; Version is '2022.3.8f1 (b5eafc012955) revision 11922172'; Using compiler version '192829333'; Build Type 'Release'
OS: 'Windows 11  (10.0.22631) 64bit Professional' Language: 'en' Physical Memory: 31863 MB
BatchMode: 1, IsHumanControllingUs: 0, StartBugReporterOnCrash: 0, Is64bit: 1, IsPro: 1

COMMAND LINE ARGUMENTS:
C:\Program Files\Unity\Hub\Editor\2022.3.8f1\Editor\Unity.exe
-adb2
-batchMode
-noUpm
-name
AssetImportWorker12
-projectPath
C:/Users/Diego Arriaga/Documents/GitHub/RetroRider/Wave Riders
-logFile
Logs/AssetImportWorker12.log
-srvPort
52176
Successfully changed project path to: C:/Users/Diego Arriaga/Documents/GitHub/RetroRider/Wave Riders
C:/Users/Diego Arriaga/Documents/GitHub/RetroRider/Wave Riders
[UnityMemory] Configuration Parameters - Can be set up in boot.config
    "memorysetup-bucket-allocator-granularity=16"
    "memorysetup-bucket-allocator-bucket-count=8"
    "memorysetup-bucket-allocator-block-size=33554432"
    "memorysetup-bucket-allocator-block-count=8"
    "memorysetup-main-allocator-block-size=16777216"
    "memorysetup-thread-allocator-block-size=16777216"
    "memorysetup-gfx-main-allocator-block-size=16777216"
    "memorysetup-gfx-thread-allocator-block-size=16777216"
    "memorysetup-cache-allocator-block-size=4194304"
    "memorysetup-typetree-allocator-block-size=2097152"
    "memorysetup-profiler-bucket-allocator-granularity=16"
    "memorysetup-profiler-bucket-allocator-bucket-count=8"
    "memorysetup-profiler-bucket-allocator-block-size=33554432"
    "memorysetup-profiler-bucket-allocator-block-count=8"
    "memorysetup-profiler-allocator-block-size=16777216"
    "memorysetup-profiler-editor-allocator-block-size=1048576"
    "memorysetup-temp-allocator-size-main=16777216"
    "memorysetup-job-temp-allocator-block-size=2097152"
    "memorysetup-job-temp-allocator-block-size-background=1048576"
    "memorysetup-job-temp-allocator-reduction-small-platforms=262144"
    "memorysetup-allocator-temp-initial-block-size-main=262144"
    "memorysetup-allocator-temp-initial-block-size-worker=262144"
    "memorysetup-temp-allocator-size-background-worker=32768"
    "memorysetup-temp-allocator-size-job-worker=262144"
    "memorysetup-temp-allocator-size-preload-manager=33554432"
    "memorysetup-temp-allocator-size-nav-mesh-worker=65536"
    "memorysetup-temp-allocator-size-audio-worker=65536"
    "memorysetup-temp-allocator-size-cloud-worker=32768"
    "memorysetup-temp-allocator-size-gi-baking-worker=262144"
    "memorysetup-temp-allocator-size-gfx=262144"
Player connection [46016] Host "[IP] 192.168.0.102 [Port] 0 [Flags] 2 [Guid] 4065081563 [EditorId] 4065081563 [Version] 1048832 [Id] WindowsEditor(7,Monster) [Debug] 1 [PackageName] WindowsEditor [ProjectName] Editor" joined multi-casting on [225.0.0.222:54997]...

Player connection [46016] Host "[IP] 192.168.0.102 [Port] 0 [Flags] 2 [Guid] 4065081563 [EditorId] 4065081563 [Version] 1048832 [Id] WindowsEditor(7,Monster) [Debug] 1 [PackageName] WindowsEditor [ProjectName] Editor" joined alternative multi-casting on [225.0.0.222:34997]...

[Physics::Module] Initialized MultithreadedJobDispatcher with 31 workers.
Refreshing native plugins compatible for Editor in 3.57 ms, found 0 plugins.
Preloading 0 native plugins for Editor in 0.00 ms.
Initialize engine version: 2022.3.8f1 (b5eafc012955)
[Subsystems] Discovering subsystems at path C:/Program Files/Unity/Hub/Editor/2022.3.8f1/Editor/Data/Resources/UnitySubsystems
[Subsystems] Discovering subsystems at path C:/Users/Diego Arriaga/Documents/GitHub/RetroRider/Wave Riders/Assets
GfxDevice: creating device client; threaded=0; jobified=0
Direct3D:
    Version:  Direct3D 11.0 [level 11.1]
    Renderer: NVIDIA GeForce RTX 4090 (ID=0x2684)
    Vendor:   NVIDIA
    VRAM:     24142 MB
    Driver:   32.0.15.6094
Initialize mono
Mono path[0] = 'C:/Program Files/Unity/Hub/Editor/2022.3.8f1/Editor/Data/Managed'
Mono path[1] = 'C:/Program Files/Unity/Hub/Editor/2022.3.8f1/Editor/Data/MonoBleedingEdge/lib/mono/unityjit-win32'
Mono config path = 'C:/Program Files/Unity/Hub/Editor/2022.3.8f1/Editor/Data/MonoBleedingEdge/etc'
Using monoOptions --debugger-agent=transport=dt_socket,embedding=1,server=y,suspend=n,address=127.0.0.1:56960
Begin MonoManager ReloadAssembly
Registering precompiled unity dll's ...
Register platform support module: C:/Program Files/Unity/Hub/Editor/2022.3.8f1/Editor/Data/PlaybackEngines/WindowsStandaloneSupport/UnityEditor.WindowsStandalone.Extensions.dll
Registered in 0.007085 seconds.
- Loaded All Assemblies, in  0.243 seconds
Native extension for WindowsStandalone target not found
Mono: successfully reloaded assembly
- Finished resetting the current domain, in  0.162 seconds
Domain Reload Profiling: 402ms
	BeginReloadAssembly (80ms)
		ExecutionOrderSort (0ms)
		DisableScriptedObjects (0ms)
		BackupInstance (0ms)
		ReleaseScriptingObjects (0ms)
		CreateAndSetChildDomain (1ms)
	RebuildCommonClasses (24ms)
	RebuildNativeTypeToScriptingClass (6ms)
	initialDomainReloadingComplete (42ms)
	LoadAllAssembliesAndSetupDomain (87ms)
		LoadAssemblies (77ms)
		RebuildTransferFunctionScriptingTraits (0ms)
		AnalyzeDomain (86ms)
			TypeCache.Refresh (85ms)
				TypeCache.ScanAssembly (76ms)
			ScanForSourceGeneratedMonoScriptInfo (0ms)
			ResolveRequiredComponents (0ms)
	FinalizeReload (162ms)
		ReleaseScriptCaches (0ms)
		RebuildScriptCaches (0ms)
		SetupLoadedEditorAssemblies (123ms)
			LogAssemblyErrors (0ms)
			InitializePlatformSupportModulesInManaged (6ms)
			SetLoadedEditorAssemblies (5ms)
			RefreshPlugins (0ms)
			BeforeProcessingInitializeOnLoad (1ms)
			ProcessInitializeOnLoadAttributes (81ms)
			ProcessInitializeOnLoadMethodAttributes (29ms)
			AfterProcessingInitializeOnLoad (0ms)
			EditorAssembliesLoaded (0ms)
		ExecutionOrderSort2 (0ms)
		AwakeInstancesAfterBackupRestoration (0ms)
========================================================================
Worker process is ready to serve import requests
Begin MonoManager ReloadAssembly
- Loaded All Assemblies, in  0.328 seconds
Refreshing native plugins compatible for Editor in 1.44 ms, found 0 plugins.
Native extension for WindowsStandalone target not found
Mono: successfully reloaded assembly
- Finished resetting the current domain, in  0.320 seconds
Domain Reload Profiling: 645ms
	BeginReloadAssembly (97ms)
		ExecutionOrderSort (0ms)
		DisableScriptedObjects (3ms)
		BackupInstance (0ms)
		ReleaseScriptingObjects (0ms)
		CreateAndSetChildDomain (17ms)
	RebuildCommonClasses (20ms)
	RebuildNativeTypeToScriptingClass (6ms)
	initialDomainReloadingComplete (27ms)
	LoadAllAssembliesAndSetupDomain (173ms)
		LoadAssemblies (170ms)
		RebuildTransferFunctionScriptingTraits (0ms)
		AnalyzeDomain (59ms)
			TypeCache.Refresh (45ms)
				TypeCache.ScanAssembly (40ms)
			ScanForSourceGeneratedMonoScriptInfo (9ms)
			ResolveRequiredComponents (5ms)
	FinalizeReload (321ms)
		ReleaseScriptCaches (0ms)
		RebuildScriptCaches (0ms)
		SetupLoadedEditorAssemblies (237ms)
			LogAssemblyErrors (0ms)
			InitializePlatformSupportModulesInManaged (4ms)
			SetLoadedEditorAssemblies (2ms)
			RefreshPlugins (0ms)
			BeforeProcessingInitializeOnLoad (42ms)
			ProcessInitializeOnLoadAttributes (133ms)
			ProcessInitializeOnLoadMethodAttributes (48ms)
			AfterProcessingInitializeOnLoad (7ms)
			EditorAssembliesLoaded (0ms)
		ExecutionOrderSort2 (0ms)
		AwakeInstancesAfterBackupRestoration (4ms)
Launched and connected shader compiler UnityShaderCompiler.exe after 0.06 seconds
Refreshing native plugins compatible for Editor in 1.74 ms, found 0 plugins.
Preloading 0 native plugins for Editor in 0.00 ms.
Unloading 3188 Unused Serialized files (Serialized files now loaded: 0)
Unloading 63 unused Assets / (445.2 KB). Loaded Objects now: 3662.
Memory consumption went from 160.1 MB to 159.7 MB.
Total: 2.699900 ms (FindLiveObjects: 0.151700 ms CreateObjectMapping: 0.053600 ms MarkObjects: 2.292500 ms  DeleteObjects: 0.200900 ms)

AssetImportParameters requested are different than current active one (requested -> active):
  custom:video-decoder-webm-vp8: 9c59270c3fd7afecdb556c50c9e8de78 -> 
  custom:SearchIndexIgnoredProperties: e643bd26f0fe6173181afceb89e7c659 -> 
  custom:container-demuxer-ogg: 62fdf1f143b41e24485cea50d1cbac27 -> 
  custom:AudioImporter_EditorPlatform: d09bf68614088b80899f8185d706f6e7 -> 
  custom:video-codec-MediaFoundation-h265: 746d11721c4dcdbdad8f713fa42b33f4 -> 
  custom:video-decoder-ogg-theora: a1e56fd34408186e4bbccfd4996cb3dc -> 
  custom:framework-win-MediaFoundation: 216162199b28c13a410421893ffa2e32 -> 
  custom:video-encoder-webm-vp8: eb34c28f22e8b96e1ab97ce403110664 -> 
  custom:audio-decoder-ogg-vorbis: bf7c407c2cedff20999df2af8eb42d56 -> 
  custom:CustomObjectIndexerAttribute: a3ef5dd2817f97addfee359851a9dba5 -> 
  custom:container-demuxer-webm: 4f35f7cbe854078d1ac9338744f61a02 -> 
  custom:audio-encoder-webm-vorbis: bf7c407c2cedff20999df2af8eb42d56 -> 
  custom:container-muxer-webm: aa71ff27fc2769a1b78a27578f13a17b -> 
========================================================================
Received Import Request.
  Time since last request: 1063052.206279 seconds.
  path: Assets/Prefabs/CopCar.prefab
  artifactKey: Guid(0de682f71b80253459d9d750278e66de) Importer(815301076,1909f56bfc062723c751e8b465ee728b)
Start importing Assets/Prefabs/CopCar.prefab using Guid(0de682f71b80253459d9d750278e66de) Importer(815301076,1909f56bfc062723c751e8b465ee728b)  -> (artifact id: 'd8067d30ec1cc49dd4f8d4658d09f637') in 0.377363 seconds
Number of updated asset objects reloaded before import = 0
Number of asset objects unloaded after import = 282
========================================================================
Received Import Request.
  Time since last request: 4.443353 seconds.
  path: Assets/Prefabs/Models/BarricadeV2.fbx
  artifactKey: Guid(0898295d6d28aa34180d24cf0879956d) Importer(815301076,1909f56bfc062723c751e8b465ee728b)
Start importing Assets/Prefabs/Models/BarricadeV2.fbx using Guid(0898295d6d28aa34180d24cf0879956d) Importer(815301076,1909f56bfc062723c751e8b465ee728b)  -> (artifact id: '9e8cca5604f317b22a76f036cb602b4c') in 0.346083 seconds
Number of updated asset objects reloaded before import = 0
Number of asset objects unloaded after import = 253
========================================================================
Received Import Request.
  Time since last request: 14.906908 seconds.
  path: Assets/Prefabs/Models/Materials/berd.mat
  artifactKey: Guid(5f04c27f154427440b3d65f91edc4d9d) Importer(815301076,1909f56bfc062723c751e8b465ee728b)
Start importing Assets/Prefabs/Models/Materials/berd.mat using Guid(5f04c27f154427440b3d65f91edc4d9d) Importer(815301076,1909f56bfc062723c751e8b465ee728b)  -> (artifact id: '4638ec40cf831ee1f7edbcb5061bde7f') in 0.007660 seconds
Number of updated asset objects reloaded before import = 0
Number of asset objects unloaded after import = 2
========================================================================
Received Import Request.
  Time since last request: 0.002569 seconds.
  path: Assets/Prefabs/Models/Materials/Material #28.mat
  artifactKey: Guid(7c3e287a80aac2742a0f6ab4fc8a7d86) Importer(815301076,1909f56bfc062723c751e8b465ee728b)
Start importing Assets/Prefabs/Models/Materials/Material #28.mat using Guid(7c3e287a80aac2742a0f6ab4fc8a7d86) Importer(815301076,1909f56bfc062723c751e8b465ee728b)  -> (artifact id: '23aea678216f223e7284484edcc01931') in 0.007781 seconds
Number of updated asset objects reloaded before import = 0
Number of asset objects unloaded after import = 3
========================================================================
Received Import Request.
  Time since last request: 0.000011 seconds.
  path: Assets/Prefabs/Models/Materials/n2.mat
  artifactKey: Guid(41cbe698a21b6c04daa0ddb5a64e94b4) Importer(815301076,1909f56bfc062723c751e8b465ee728b)
Start importing Assets/Prefabs/Models/Materials/n2.mat using Guid(41cbe698a21b6c04daa0ddb5a64e94b4) Importer(815301076,1909f56bfc062723c751e8b465ee728b)  -> (artifact id: '1cd80f9533af89eef2535dad6d2359cc') in 0.039282 seconds
Number of updated asset objects reloaded before import = 0
Number of asset objects unloaded after import = 2
========================================================================
Received Import Request.
  Time since last request: 0.000013 seconds.
  path: Assets/Prefabs/Models/Materials/sinta reflectiva.mat
  artifactKey: Guid(09172c69bef4be04980a212d35a57eb2) Importer(815301076,1909f56bfc062723c751e8b465ee728b)
Start importing Assets/Prefabs/Models/Materials/sinta reflectiva.mat using Guid(09172c69bef4be04980a212d35a57eb2) Importer(815301076,1909f56bfc062723c751e8b465ee728b)  -> (artifact id: 'ede4d8d58455d084ae8decb006619b51') in 0.025883 seconds
Number of updated asset objects reloaded before import = 0
Number of asset objects unloaded after import = 2
========================================================================
Received Import Request.
  Time since last request: 39.265567 seconds.
  path: Assets/Prefabs/Delorean/delorean-dmc12-retro-wave-art/dmc12_complete.fbx
  artifactKey: Guid(825b6850410fd0c4a91048a06c8d43c3) Importer(815301076,1909f56bfc062723c751e8b465ee728b)
Start importing Assets/Prefabs/Delorean/delorean-dmc12-retro-wave-art/dmc12_complete.fbx using Guid(825b6850410fd0c4a91048a06c8d43c3) Importer(815301076,1909f56bfc062723c751e8b465ee728b)  -> (artifact id: '2c219e4ff83cb6d666d3d80dd75636ad') in 0.205686 seconds
Number of updated asset objects reloaded before import = 0
Number of asset objects unloaded after import = 212
========================================================================
Received Import Request.
  Time since last request: 14.132222 seconds.
  path: Assets/Prefabs/Delorean/delorean-dmc12-retro-wave-art/textures/dmc12_uv_complete_base_Normal.png
  artifactKey: Guid(5258c81b460ea544aafe20cadf1a364b) Importer(815301076,1909f56bfc062723c751e8b465ee728b)
Start importing Assets/Prefabs/Delorean/delorean-dmc12-retro-wave-art/textures/dmc12_uv_complete_base_Normal.png using Guid(5258c81b460ea544aafe20cadf1a364b) Importer(815301076,1909f56bfc062723c751e8b465ee728b)  -> (artifact id: 'b69cca8dc9d39bc8124d8c8bcf8f84d2') in 0.020294 seconds
Number of updated asset objects reloaded before import = 0
Number of asset objects unloaded after import = 2
========================================================================
Received Import Request.
  Time since last request: 0.000014 seconds.
  path: Assets/Prefabs/Delorean/delorean-dmc12-retro-wave-art/textures/dmc12_uv_complete_glass_BaseColor.png
  artifactKey: Guid(2e8618a3a3585e4439107ae30ee224d3) Importer(815301076,1909f56bfc062723c751e8b465ee728b)
Start importing Assets/Prefabs/Delorean/delorean-dmc12-retro-wave-art/textures/dmc12_uv_complete_glass_BaseColor.png using Guid(2e8618a3a3585e4439107ae30ee224d3) Importer(815301076,1909f56bfc062723c751e8b465ee728b)  -> (artifact id: '5afa7fd2f0b5495fc91316a35055d0cc') in 0.014537 seconds
Number of updated asset objects reloaded before import = 0
Number of asset objects unloaded after import = 2
========================================================================
Received Import Request.
  Time since last request: 13.497921 seconds.
  path: Assets/Prefabs/80-american-police-sedan-low-poly-model/textures/GEN4DR_INTERIOR_Nrm.jpg
  artifactKey: Guid(9d1e1a11750cca84fae333ee4f4bb4b5) Importer(815301076,1909f56bfc062723c751e8b465ee728b)
Start importing Assets/Prefabs/80-american-police-sedan-low-poly-model/textures/GEN4DR_INTERIOR_Nrm.jpg using Guid(9d1e1a11750cca84fae333ee4f4bb4b5) Importer(815301076,1909f56bfc062723c751e8b465ee728b)  -> (artifact id: 'd551ca190e82665680c48c9896687e6b') in 0.013541 seconds
Number of updated asset objects reloaded before import = 0
Number of asset objects unloaded after import = 2
========================================================================
Received Import Request.
  Time since last request: 0.000014 seconds.
  path: Assets/Prefabs/80-american-police-sedan-low-poly-model/textures/RB1c_Tire_nrm.jpg
  artifactKey: Guid(9e83feb8438f68c4aa22582b716dee59) Importer(815301076,1909f56bfc062723c751e8b465ee728b)
Start importing Assets/Prefabs/80-american-police-sedan-low-poly-model/textures/RB1c_Tire_nrm.jpg using Guid(9e83feb8438f68c4aa22582b716dee59) Importer(815301076,1909f56bfc062723c751e8b465ee728b)  -> (artifact id: 'b2f7522361d791229690d627b17fb12f') in 0.012912 seconds
Number of updated asset objects reloaded before import = 0
Number of asset objects unloaded after import = 2
========================================================================
Received Import Request.
  Time since last request: 0.000013 seconds.
  path: Assets/Prefabs/80-american-police-sedan-low-poly-model/textures/RB1c_Tire_Rough.jpg
  artifactKey: Guid(5407a0d9f1ab4ef4a836144c3cf08d96) Importer(815301076,1909f56bfc062723c751e8b465ee728b)
Start importing Assets/Prefabs/80-american-police-sedan-low-poly-model/textures/RB1c_Tire_Rough.jpg using Guid(5407a0d9f1ab4ef4a836144c3cf08d96) Importer(815301076,1909f56bfc062723c751e8b465ee728b)  -> (artifact id: '4c14547aef2e3bff8df0a548bd65ef61') in 0.010005 seconds
Number of updated asset objects reloaded before import = 0
Number of asset objects unloaded after import = 2
========================================================================
Received Import Request.
  Time since last request: 8.633555 seconds.
  path: Assets/FX_Kandol_Pack/FX Fire II/Materials/fx_fire_c01.mat
  artifactKey: Guid(7eecb07fbf19a9541a0664829d56d512) Importer(815301076,1909f56bfc062723c751e8b465ee728b)
Start importing Assets/FX_Kandol_Pack/FX Fire II/Materials/fx_fire_c01.mat using Guid(7eecb07fbf19a9541a0664829d56d512) Importer(815301076,1909f56bfc062723c751e8b465ee728b)  -> (artifact id: '3edb71cd891f27b126c304cfdff224ee') in 0.008775 seconds
Number of updated asset objects reloaded before import = 0
Number of asset objects unloaded after import = 3
========================================================================
Received Import Request.
  Time since last request: 0.000013 seconds.
  path: Assets/FX_Kandol_Pack/FX Fire II/Materials/x_fire_h30.mat
  artifactKey: Guid(dfed3a52f9ea6ae46b8b2e92697f07d5) Importer(815301076,1909f56bfc062723c751e8b465ee728b)
Start importing Assets/FX_Kandol_Pack/FX Fire II/Materials/x_fire_h30.mat using Guid(dfed3a52f9ea6ae46b8b2e92697f07d5) Importer(815301076,1909f56bfc062723c751e8b465ee728b)  -> (artifact id: '5059857822b1f3059903447e486c1fc3') in 0.006830 seconds
Number of updated asset objects reloaded before import = 0
Number of asset objects unloaded after import = 3
========================================================================
Received Prepare
Begin MonoManager ReloadAssembly
- Loaded All Assemblies, in  0.322 seconds
Refreshing native plugins compatible for Editor in 2.34 ms, found 0 plugins.
Native extension for WindowsStandalone target not found
Mono: successfully reloaded assembly
- Finished resetting the current domain, in  0.626 seconds
Domain Reload Profiling: 944ms
	BeginReloadAssembly (127ms)
		ExecutionOrderSort (0ms)
		DisableScriptedObjects (7ms)
		BackupInstance (0ms)
		ReleaseScriptingObjects (0ms)
		CreateAndSetChildDomain (27ms)
	RebuildCommonClasses (22ms)
	RebuildNativeTypeToScriptingClass (7ms)
	initialDomainReloadingComplete (27ms)
	LoadAllAssembliesAndSetupDomain (135ms)
		LoadAssemblies (190ms)
		RebuildTransferFunctionScriptingTraits (0ms)
		AnalyzeDomain (12ms)
			TypeCache.Refresh (5ms)
				TypeCache.ScanAssembly (0ms)
			ScanForSourceGeneratedMonoScriptInfo (0ms)
			ResolveRequiredComponents (6ms)
	FinalizeReload (626ms)
		ReleaseScriptCaches (0ms)
		RebuildScriptCaches (0ms)
		SetupLoadedEditorAssemblies (245ms)
			LogAssemblyErrors (0ms)
			InitializePlatformSupportModulesInManaged (4ms)
			SetLoadedEditorAssemblies (2ms)
			RefreshPlugins (0ms)
			BeforeProcessingInitializeOnLoad (48ms)
			ProcessInitializeOnLoadAttributes (141ms)
			ProcessInitializeOnLoadMethodAttributes (38ms)
			AfterProcessingInitializeOnLoad (12ms)
			EditorAssembliesLoaded (0ms)
		ExecutionOrderSort2 (0ms)
		AwakeInstancesAfterBackupRestoration (7ms)
Refreshing native plugins compatible for Editor in 1.31 ms, found 0 plugins.
Preloading 0 native plugins for Editor in 0.00 ms.
Unloading 3030 Unused Serialized files (Serialized files now loaded: 0)
Unloading 25 unused Assets / (417.0 KB). Loaded Objects now: 3763.
Memory consumption went from 137.6 MB to 137.2 MB.
Total: 2.509400 ms (FindLiveObjects: 0.215200 ms CreateObjectMapping: 0.062700 ms MarkObjects: 2.063400 ms  DeleteObjects: 0.167600 ms)

Prepare: number of updated asset objects reloaded= 0
AssetImportParameters requested are different than current active one (requested -> active):
  custom:video-decoder-webm-vp8: 9c59270c3fd7afecdb556c50c9e8de78 -> 
  custom:SearchIndexIgnoredProperties: e643bd26f0fe6173181afceb89e7c659 -> 
  custom:container-demuxer-ogg: 62fdf1f143b41e24485cea50d1cbac27 -> 
  custom:AudioImporter_EditorPlatform: d09bf68614088b80899f8185d706f6e7 -> 
  custom:video-codec-MediaFoundation-h265: 746d11721c4dcdbdad8f713fa42b33f4 -> 
  custom:video-decoder-ogg-theora: a1e56fd34408186e4bbccfd4996cb3dc -> 
  custom:framework-win-MediaFoundation: 216162199b28c13a410421893ffa2e32 -> 
  custom:video-encoder-webm-vp8: eb34c28f22e8b96e1ab97ce403110664 -> 
  custom:audio-decoder-ogg-vorbis: bf7c407c2cedff20999df2af8eb42d56 -> 
  custom:CustomObjectIndexerAttribute: a3ef5dd2817f97addfee359851a9dba5 -> 
  custom:container-demuxer-webm: 4f35f7cbe854078d1ac9338744f61a02 -> 
  custom:audio-encoder-webm-vorbis: bf7c407c2cedff20999df2af8eb42d56 -> 
  custom:container-muxer-webm: aa71ff27fc2769a1b78a27578f13a17b -> 
Editor requested this worker to shutdown with reason: Scaling down because of idle timeout
TcpMessagingSession - receive error: operation aborted. errorcode: 995, details: The I/O operation has been aborted because of either a thread exit or an application request.
AssetImportWorker is now disconnected from the server
Process exiting
Exiting without the bug reporter. Application will terminate with return code 0