Using pre-set license
Built from '2022.3/staging' branch; Version is '2022.3.8f1 (b5eafc012955) revision 11922172'; Using compiler version '192829333'; Build Type 'Release'
OS: 'Windows 11  (10.0.22631) 64bit Professional' Language: 'en' Physical Memory: 31863 MB
BatchMode: 1, IsHumanControllingUs: 0, StartBugReporterOnCrash: 0, Is64bit: 1, IsPro: 1

COMMAND LINE ARGUMENTS:
C:\Program Files\Unity\Hub\Editor\2022.3.8f1\Editor\Unity.exe
-adb2
-batchMode
-noUpm
-name
AssetImportWorker4
-projectPath
C:/Users/Diego Arriaga/Documents/GitHub/RetroRider/Wave Riders
-logFile
Logs/AssetImportWorker4.log
-srvPort
52176
Successfully changed project path to: C:/Users/Diego Arriaga/Documents/GitHub/RetroRider/Wave Riders
C:/Users/Diego Arriaga/Documents/GitHub/RetroRider/Wave Riders
[UnityMemory] Configuration Parameters - Can be set up in boot.config
    "memorysetup-bucket-allocator-granularity=16"
    "memorysetup-bucket-allocator-bucket-count=8"
    "memorysetup-bucket-allocator-block-size=33554432"
    "memorysetup-bucket-allocator-block-count=8"
    "memorysetup-main-allocator-block-size=16777216"
    "memorysetup-thread-allocator-block-size=16777216"
    "memorysetup-gfx-main-allocator-block-size=16777216"
    "memorysetup-gfx-thread-allocator-block-size=16777216"
    "memorysetup-cache-allocator-block-size=4194304"
    "memorysetup-typetree-allocator-block-size=2097152"
    "memorysetup-profiler-bucket-allocator-granularity=16"
    "memorysetup-profiler-bucket-allocator-bucket-count=8"
    "memorysetup-profiler-bucket-allocator-block-size=33554432"
    "memorysetup-profiler-bucket-allocator-block-count=8"
    "memorysetup-profiler-allocator-block-size=16777216"
    "memorysetup-profiler-editor-allocator-block-size=1048576"
    "memorysetup-temp-allocator-size-main=16777216"
    "memorysetup-job-temp-allocator-block-size=2097152"
    "memorysetup-job-temp-allocator-block-size-background=1048576"
    "memorysetup-job-temp-allocator-reduction-small-platforms=262144"
    "memorysetup-allocator-temp-initial-block-size-main=262144"
    "memorysetup-allocator-temp-initial-block-size-worker=262144"
    "memorysetup-temp-allocator-size-background-worker=32768"
    "memorysetup-temp-allocator-size-job-worker=262144"
    "memorysetup-temp-allocator-size-preload-manager=33554432"
    "memorysetup-temp-allocator-size-nav-mesh-worker=65536"
    "memorysetup-temp-allocator-size-audio-worker=65536"
    "memorysetup-temp-allocator-size-cloud-worker=32768"
    "memorysetup-temp-allocator-size-gi-baking-worker=262144"
    "memorysetup-temp-allocator-size-gfx=262144"
Player connection [59260] Host "[IP] 192.168.0.102 [Port] 0 [Flags] 2 [Guid] 2580629487 [EditorId] 2580629487 [Version] 1048832 [Id] WindowsEditor(7,Monster) [Debug] 1 [PackageName] WindowsEditor [ProjectName] Editor" joined multi-casting on [225.0.0.222:54997]...

Player connection [59260] Host "[IP] 192.168.0.102 [Port] 0 [Flags] 2 [Guid] 2580629487 [EditorId] 2580629487 [Version] 1048832 [Id] WindowsEditor(7,Monster) [Debug] 1 [PackageName] WindowsEditor [ProjectName] Editor" joined alternative multi-casting on [225.0.0.222:34997]...

[Physics::Module] Initialized MultithreadedJobDispatcher with 31 workers.
Refreshing native plugins compatible for Editor in 6.32 ms, found 0 plugins.
Preloading 0 native plugins for Editor in 0.00 ms.
Initialize engine version: 2022.3.8f1 (b5eafc012955)
[Subsystems] Discovering subsystems at path C:/Program Files/Unity/Hub/Editor/2022.3.8f1/Editor/Data/Resources/UnitySubsystems
[Subsystems] Discovering subsystems at path C:/Users/Diego Arriaga/Documents/GitHub/RetroRider/Wave Riders/Assets
GfxDevice: creating device client; threaded=0; jobified=0
Direct3D:
    Version:  Direct3D 11.0 [level 11.1]
    Renderer: NVIDIA GeForce RTX 4090 (ID=0x2684)
    Vendor:   NVIDIA
    VRAM:     24142 MB
    Driver:   32.0.15.6094
Shader 'Universal Render Pipeline/Lit': fallback shader 'Hidden/Universal Render Pipeline/FallbackError' not found
Shader 'Universal Render Pipeline/VR/SpatialMapping/Occlusion': fallback shader 'Hidden/Universal Render Pipeline/FallbackError' not found
Shader 'Universal Render Pipeline/VR/SpatialMapping/Wireframe': fallback shader 'Hidden/Universal Render Pipeline/FallbackError' not found
Shader 'Universal Render Pipeline/Particles/Unlit': fallback shader 'Hidden/Universal Render Pipeline/FallbackError' not found
Shader 'Universal Render Pipeline/Simple Lit': fallback shader 'Hidden/Universal Render Pipeline/FallbackError' not found
Shader 'Universal Render Pipeline/Nature/SpeedTree7': fallback shader 'Hidden/Universal Render Pipeline/FallbackError' not found
Shader 'Universal Render Pipeline/Nature/SpeedTree7': dependency 'BillboardShader' shader 'Universal Render Pipeline/Nature/SpeedTree7 Billboard' not found
Shader 'Hidden/Universal Render Pipeline/StencilDeferred': fallback shader 'Hidden/Universal Render Pipeline/FallbackError' not found
Shader 'Hidden/Universal Render Pipeline/FallbackError': fallback shader 'Hidden/Core/FallbackError' not found
Shader 'Universal Render Pipeline/Baked Lit': fallback shader 'Universal Render Pipeline/Unlit' not found
Shader 'Universal Render Pipeline/Particles/Simple Lit': fallback shader 'Universal Render Pipeline/Particles/Unlit' not found
Shader 'Universal Render Pipeline/Particles/Lit': fallback shader 'Universal Render Pipeline/Particles/Simple Lit' not found
Shader 'Universal Render Pipeline/Nature/SpeedTree7 Billboard': fallback shader 'Hidden/Universal Render Pipeline/FallbackError' not found
Shader 'Universal Render Pipeline/Nature/SpeedTree8': fallback shader 'Hidden/Universal Render Pipeline/FallbackError' not found
Shader 'Hidden/Universal Render Pipeline/Terrain/Lit (Add Pass)': fallback shader 'Hidden/Universal Render Pipeline/FallbackError' not found
Shader 'Universal Render Pipeline/Complex Lit': fallback shader 'Hidden/Universal Render Pipeline/FallbackError' not found
Shader 'Universal Render Pipeline/Unlit': fallback shader 'Hidden/Universal Render Pipeline/FallbackError' not found
Initialize mono
Mono path[0] = 'C:/Program Files/Unity/Hub/Editor/2022.3.8f1/Editor/Data/Managed'
Mono path[1] = 'C:/Program Files/Unity/Hub/Editor/2022.3.8f1/Editor/Data/MonoBleedingEdge/lib/mono/unityjit-win32'
Mono config path = 'C:/Program Files/Unity/Hub/Editor/2022.3.8f1/Editor/Data/MonoBleedingEdge/etc'
Using monoOptions --debugger-agent=transport=dt_socket,embedding=1,server=y,suspend=n,address=127.0.0.1:56340
Begin MonoManager ReloadAssembly
Registering precompiled unity dll's ...
Register platform support module: C:/Program Files/Unity/Hub/Editor/2022.3.8f1/Editor/Data/PlaybackEngines/WindowsStandaloneSupport/UnityEditor.WindowsStandalone.Extensions.dll
Registered in 0.006978 seconds.
- Loaded All Assemblies, in  0.263 seconds
Native extension for WindowsStandalone target not found
Mono: successfully reloaded assembly
- Finished resetting the current domain, in  0.152 seconds
Domain Reload Profiling: 412ms
	BeginReloadAssembly (111ms)
		ExecutionOrderSort (0ms)
		DisableScriptedObjects (0ms)
		BackupInstance (0ms)
		ReleaseScriptingObjects (0ms)
		CreateAndSetChildDomain (0ms)
	RebuildCommonClasses (20ms)
	RebuildNativeTypeToScriptingClass (6ms)
	initialDomainReloadingComplete (41ms)
	LoadAllAssembliesAndSetupDomain (82ms)
		LoadAssemblies (108ms)
		RebuildTransferFunctionScriptingTraits (0ms)
		AnalyzeDomain (80ms)
			TypeCache.Refresh (79ms)
				TypeCache.ScanAssembly (71ms)
			ScanForSourceGeneratedMonoScriptInfo (0ms)
			ResolveRequiredComponents (0ms)
	FinalizeReload (152ms)
		ReleaseScriptCaches (0ms)
		RebuildScriptCaches (0ms)
		SetupLoadedEditorAssemblies (116ms)
			LogAssemblyErrors (0ms)
			InitializePlatformSupportModulesInManaged (6ms)
			SetLoadedEditorAssemblies (4ms)
			RefreshPlugins (0ms)
			BeforeProcessingInitializeOnLoad (1ms)
			ProcessInitializeOnLoadAttributes (75ms)
			ProcessInitializeOnLoadMethodAttributes (29ms)
			AfterProcessingInitializeOnLoad (0ms)
			EditorAssembliesLoaded (0ms)
		ExecutionOrderSort2 (0ms)
		AwakeInstancesAfterBackupRestoration (0ms)
========================================================================
Worker process is ready to serve import requests
Begin MonoManager ReloadAssembly
- Loaded All Assemblies, in  0.392 seconds
Refreshing native plugins compatible for Editor in 1.49 ms, found 0 plugins.
Native extension for WindowsStandalone target not found
Mono: successfully reloaded assembly
- Finished resetting the current domain, in  0.339 seconds
Domain Reload Profiling: 726ms
	BeginReloadAssembly (110ms)
		ExecutionOrderSort (0ms)
		DisableScriptedObjects (3ms)
		BackupInstance (0ms)
		ReleaseScriptingObjects (0ms)
		CreateAndSetChildDomain (19ms)
	RebuildCommonClasses (19ms)
	RebuildNativeTypeToScriptingClass (7ms)
	initialDomainReloadingComplete (29ms)
	LoadAllAssembliesAndSetupDomain (221ms)
		LoadAssemblies (216ms)
		RebuildTransferFunctionScriptingTraits (0ms)
		AnalyzeDomain (71ms)
			TypeCache.Refresh (56ms)
				TypeCache.ScanAssembly (51ms)
			ScanForSourceGeneratedMonoScriptInfo (9ms)
			ResolveRequiredComponents (5ms)
	FinalizeReload (340ms)
		ReleaseScriptCaches (0ms)
		RebuildScriptCaches (0ms)
		SetupLoadedEditorAssemblies (248ms)
			LogAssemblyErrors (0ms)
			InitializePlatformSupportModulesInManaged (4ms)
			SetLoadedEditorAssemblies (2ms)
			RefreshPlugins (0ms)
			BeforeProcessingInitializeOnLoad (42ms)
			ProcessInitializeOnLoadAttributes (142ms)
			ProcessInitializeOnLoadMethodAttributes (48ms)
			AfterProcessingInitializeOnLoad (9ms)
			EditorAssembliesLoaded (0ms)
		ExecutionOrderSort2 (0ms)
		AwakeInstancesAfterBackupRestoration (6ms)
Shader 'Hidden/Universal Render Pipeline/Terrain/Lit (Base Pass)': fallback shader 'Hidden/Universal Render Pipeline/FallbackError' not found
WARNING: Shader Unsupported: 'Hidden/Universal Render Pipeline/Terrain/Lit (Base Pass)' - All subshaders removed
WARNING: Shader Did you use #pragma only_renderers and omit this platform?
WARNING: Shader If subshaders removal was intentional, you may have forgotten turning Fallback off?
database is locked
Failed to delete database file Library/ShaderCache.db
WARNING: Shader Unsupported: 'Hidden/Universal Render Pipeline/Terrain/Lit (Base Pass)' - All subshaders removed
WARNING: Shader Did you use #pragma only_renderers and omit this platform?
WARNING: Shader If subshaders removal was intentional, you may have forgotten turning Fallback off?
Launched and connected shader compiler UnityShaderCompiler.exe after 0.10 seconds
Refreshing native plugins compatible for Editor in 1.72 ms, found 0 plugins.
Preloading 0 native plugins for Editor in 0.00 ms.
Unloading 3129 Unused Serialized files (Serialized files now loaded: 0)
Unloading 67 unused Assets / (0.8 MB). Loaded Objects now: 3599.
Memory consumption went from 146.6 MB to 145.8 MB.
Total: 3.783900 ms (FindLiveObjects: 0.320900 ms CreateObjectMapping: 0.066200 ms MarkObjects: 2.868000 ms  DeleteObjects: 0.526200 ms)

AssetImportParameters requested are different than current active one (requested -> active):
  custom:video-decoder-webm-vp8: 9c59270c3fd7afecdb556c50c9e8de78 -> 
  custom:SearchIndexIgnoredProperties: e643bd26f0fe6173181afceb89e7c659 -> 
  custom:container-demuxer-ogg: 62fdf1f143b41e24485cea50d1cbac27 -> 
  custom:AudioImporter_EditorPlatform: d09bf68614088b80899f8185d706f6e7 -> 
  custom:video-codec-MediaFoundation-h265: 746d11721c4dcdbdad8f713fa42b33f4 -> 
  custom:video-decoder-ogg-theora: a1e56fd34408186e4bbccfd4996cb3dc -> 
  custom:framework-win-MediaFoundation: 216162199b28c13a410421893ffa2e32 -> 
  custom:video-encoder-webm-vp8: eb34c28f22e8b96e1ab97ce403110664 -> 
  custom:audio-decoder-ogg-vorbis: bf7c407c2cedff20999df2af8eb42d56 -> 
  custom:CustomObjectIndexerAttribute: 756ad292c208cfabdd7b50bc23989ffe -> 
  custom:container-demuxer-webm: 4f35f7cbe854078d1ac9338744f61a02 -> 
  custom:audio-encoder-webm-vorbis: bf7c407c2cedff20999df2af8eb42d56 -> 
  custom:container-muxer-webm: aa71ff27fc2769a1b78a27578f13a17b -> 
========================================================================
Received Import Request.
  Time since last request: 1062747.227565 seconds.
  path: Assets/Prefabs/PBarricadeV1.prefab
  artifactKey: Guid(df8046ecad8ba9d478afa46a1efab430) Importer(815301076,1909f56bfc062723c751e8b465ee728b)
Start importing Assets/Prefabs/PBarricadeV1.prefab using Guid(df8046ecad8ba9d478afa46a1efab430) Importer(815301076,1909f56bfc062723c751e8b465ee728b)  -> (artifact id: '9be8be97b49abcaaa6afb9beb59f747c') in 0.096149 seconds
Number of updated asset objects reloaded before import = 0
Number of asset objects unloaded after import = 565
========================================================================
Received Prepare
Refreshing native plugins compatible for Editor in 1.50 ms, found 0 plugins.
Preloading 0 native plugins for Editor in 0.00 ms.
Unloading 7 Unused Serialized files (Serialized files now loaded: 0)
Unloading 8 unused Assets / (0.8 MB). Loaded Objects now: 3608.
Memory consumption went from 82.3 MB to 81.5 MB.
Total: 3.857200 ms (FindLiveObjects: 0.230000 ms CreateObjectMapping: 0.048600 ms MarkObjects: 3.260500 ms  DeleteObjects: 0.317500 ms)

Prepare: number of updated asset objects reloaded= 0
AssetImportParameters requested are different than current active one (requested -> active):
  custom:video-decoder-webm-vp8: 9c59270c3fd7afecdb556c50c9e8de78 -> 
  custom:SearchIndexIgnoredProperties: e643bd26f0fe6173181afceb89e7c659 -> 
  custom:container-demuxer-ogg: 62fdf1f143b41e24485cea50d1cbac27 -> 
  custom:AudioImporter_EditorPlatform: d09bf68614088b80899f8185d706f6e7 -> 
  custom:video-codec-MediaFoundation-h265: 746d11721c4dcdbdad8f713fa42b33f4 -> 
  custom:video-decoder-ogg-theora: a1e56fd34408186e4bbccfd4996cb3dc -> 
  custom:framework-win-MediaFoundation: 216162199b28c13a410421893ffa2e32 -> 
  custom:video-encoder-webm-vp8: eb34c28f22e8b96e1ab97ce403110664 -> 
  custom:audio-decoder-ogg-vorbis: bf7c407c2cedff20999df2af8eb42d56 -> 
  custom:CustomObjectIndexerAttribute: a3ef5dd2817f97addfee359851a9dba5 -> 
  custom:container-demuxer-webm: 4f35f7cbe854078d1ac9338744f61a02 -> 
  custom:audio-encoder-webm-vorbis: bf7c407c2cedff20999df2af8eb42d56 -> 
  custom:container-muxer-webm: aa71ff27fc2769a1b78a27578f13a17b -> 
========================================================================
Received Import Request.
  Time since last request: 49.996459 seconds.
  path: Assets/Assets/DamageBorder.png
  artifactKey: Guid(04aa9158edbd3d9488b6836b24b26306) Importer(815301076,1909f56bfc062723c751e8b465ee728b)
Start importing Assets/Assets/DamageBorder.png using Guid(04aa9158edbd3d9488b6836b24b26306) Importer(815301076,1909f56bfc062723c751e8b465ee728b)  -> (artifact id: '1ef88e1a75c31e98e050b5e147fd9859') in 0.034690 seconds
Number of updated asset objects reloaded before import = 0
Number of asset objects unloaded after import = 3
========================================================================
Received Import Request.
  Time since last request: 0.000012 seconds.
  path: Assets/Assets/WaveRiderLogo.png
  artifactKey: Guid(3d4b5e1d2de5fe74fa7cc5a200abf2a9) Importer(815301076,1909f56bfc062723c751e8b465ee728b)
Start importing Assets/Assets/WaveRiderLogo.png using Guid(3d4b5e1d2de5fe74fa7cc5a200abf2a9) Importer(815301076,1909f56bfc062723c751e8b465ee728b)  -> (artifact id: 'f42e5f7283755abe2a47953397bb0aad') in 0.036479 seconds
Number of updated asset objects reloaded before import = 0
Number of asset objects unloaded after import = 3
========================================================================
Received Import Request.
  Time since last request: 3.588962 seconds.
  path: Assets/Assets/URP
  artifactKey: Guid(ed2daa66aa5d6dc429b84d50d66b5853) Importer(815301076,1909f56bfc062723c751e8b465ee728b)
Start importing Assets/Assets/URP using Guid(ed2daa66aa5d6dc429b84d50d66b5853) Importer(815301076,1909f56bfc062723c751e8b465ee728b)  -> (artifact id: '7722057bcb3da29ed303c1ea5080512b') in 0.000449 seconds
Number of updated asset objects reloaded before import = 0
Number of asset objects unloaded after import = 0
========================================================================
Received Import Request.
  Time since last request: 12.034513 seconds.
  path: Assets/Assets/URP/URPRenderer.asset
  artifactKey: Guid(5d1ea3d33df8c144e8037f478616d203) Importer(815301076,1909f56bfc062723c751e8b465ee728b)
Start importing Assets/Assets/URP/URPRenderer.asset using Guid(5d1ea3d33df8c144e8037f478616d203) Importer(815301076,1909f56bfc062723c751e8b465ee728b)  -> (artifact id: '572fbe0e8312858082fdd60628a09ae8') in 0.016813 seconds
Number of updated asset objects reloaded before import = 0
Number of asset objects unloaded after import = 50
========================================================================
Received Import Request.
  Time since last request: 13.430997 seconds.
  path: Assets/Assets/URP/URP.asset
  artifactKey: Guid(a7a31ea811140ab40947571acbd0e26a) Importer(815301076,1909f56bfc062723c751e8b465ee728b)
Start importing Assets/Assets/URP/URP.asset using Guid(a7a31ea811140ab40947571acbd0e26a) Importer(815301076,1909f56bfc062723c751e8b465ee728b)  -> (artifact id: 'f7144d4351bcfd4412c6cbb0d91e1194') in 0.016329 seconds
Number of updated asset objects reloaded before import = 0
Number of asset objects unloaded after import = 50
========================================================================
Received Import Request.
  Time since last request: 17.348890 seconds.
  path: Assets/Assets/URP/URP_Renderer.asset
  artifactKey: Guid(86c7f468cdaeb6b4e9bb8ba574a7dc5b) Importer(815301076,1909f56bfc062723c751e8b465ee728b)
Start importing Assets/Assets/URP/URP_Renderer.asset using Guid(86c7f468cdaeb6b4e9bb8ba574a7dc5b) Importer(815301076,1909f56bfc062723c751e8b465ee728b)  -> (artifact id: 'efdbdb1519b7f02e9a31de32aaf6b6e6') in 0.010334 seconds
Number of updated asset objects reloaded before import = 0
Number of asset objects unloaded after import = 47
========================================================================
Received Import Request.
  Time since last request: 10.686727 seconds.
  path: Assets/UniversalRenderPipelineGlobalSettings.asset
  artifactKey: Guid(887d11ace9e9a434da8230eba6a6cfb5) Importer(815301076,1909f56bfc062723c751e8b465ee728b)
Start importing Assets/UniversalRenderPipelineGlobalSettings.asset using Guid(887d11ace9e9a434da8230eba6a6cfb5) Importer(815301076,1909f56bfc062723c751e8b465ee728b)  -> (artifact id: '3a33749360b231909aeebba826f495a8') in 0.001338 seconds
Number of updated asset objects reloaded before import = 0
Number of asset objects unloaded after import = 1
========================================================================
Received Prepare
Switching render pipeline 00000000000000000000000000000000 -> a7a31ea811140ab40947571acbd0e26a
Refreshing native plugins compatible for Editor in 2.17 ms, found 0 plugins.
Preloading 0 native plugins for Editor in 0.00 ms.
Unloading 57 Unused Serialized files (Serialized files now loaded: 0)
Unloading 8 unused Assets / (0.8 MB). Loaded Objects now: 3661.
Memory consumption went from 89.1 MB to 88.3 MB.
Total: 3.394300 ms (FindLiveObjects: 0.304500 ms CreateObjectMapping: 0.072300 ms MarkObjects: 2.704800 ms  DeleteObjects: 0.312400 ms)

Prepare: number of updated asset objects reloaded= 0
AssetImportParameters requested are different than current active one (requested -> active):
  custom:video-decoder-webm-vp8: 9c59270c3fd7afecdb556c50c9e8de78 -> 
  custom:SearchIndexIgnoredProperties: e643bd26f0fe6173181afceb89e7c659 -> 
  custom:container-demuxer-ogg: 62fdf1f143b41e24485cea50d1cbac27 -> 
  custom:AudioImporter_EditorPlatform: d09bf68614088b80899f8185d706f6e7 -> 
  custom:video-codec-MediaFoundation-h265: 746d11721c4dcdbdad8f713fa42b33f4 -> 
  custom:video-decoder-ogg-theora: a1e56fd34408186e4bbccfd4996cb3dc -> 
  custom:framework-win-MediaFoundation: 216162199b28c13a410421893ffa2e32 -> 
  custom:video-encoder-webm-vp8: eb34c28f22e8b96e1ab97ce403110664 -> 
  custom:audio-decoder-ogg-vorbis: bf7c407c2cedff20999df2af8eb42d56 -> 
  custom:CustomObjectIndexerAttribute: a3ef5dd2817f97addfee359851a9dba5 -> 
  custom:container-demuxer-webm: 4f35f7cbe854078d1ac9338744f61a02 -> 
  custom:audio-encoder-webm-vorbis: bf7c407c2cedff20999df2af8eb42d56 -> 
  custom:container-muxer-webm: aa71ff27fc2769a1b78a27578f13a17b -> 
========================================================================
Received Import Request.
  Time since last request: 12.954263 seconds.
  path: Assets/Assets/URP/URP.asset
  artifactKey: Guid(a7a31ea811140ab40947571acbd0e26a) Importer(815301076,1909f56bfc062723c751e8b465ee728b)
Start importing Assets/Assets/URP/URP.asset using Guid(a7a31ea811140ab40947571acbd0e26a) Importer(815301076,1909f56bfc062723c751e8b465ee728b)  -> (artifact id: '1480994c6564710ef680f8f7577635f8') in 0.006408 seconds
Number of updated asset objects reloaded before import = 0
Number of asset objects unloaded after import = 0
========================================================================
Received Import Request.
  Time since last request: 46.169403 seconds.
  path: Assets/UniversalRenderPipelineGlobalSettings.asset
  artifactKey: Guid(887d11ace9e9a434da8230eba6a6cfb5) Importer(815301076,1909f56bfc062723c751e8b465ee728b)
Start importing Assets/UniversalRenderPipelineGlobalSettings.asset using Guid(887d11ace9e9a434da8230eba6a6cfb5) Importer(815301076,1909f56bfc062723c751e8b465ee728b)  -> (artifact id: 'aaead73b9a62ea2cc0cef385355fc0ba') in 0.000987 seconds
Number of updated asset objects reloaded before import = 0
Number of asset objects unloaded after import = 1
========================================================================
Received Import Request.
  Time since last request: 0.950098 seconds.
  path: Assets/Materials/Blue.mat
  artifactKey: Guid(dfd7ec03e7512054ba77a3fada94930f) Importer(815301076,1909f56bfc062723c751e8b465ee728b)
Start importing Assets/Materials/Blue.mat using Guid(dfd7ec03e7512054ba77a3fada94930f) Importer(815301076,1909f56bfc062723c751e8b465ee728b)  -> (artifact id: 'b541cb5fa37813b3bdd2b7f55dce7f93') in 0.164287 seconds
Number of updated asset objects reloaded before import = 0
Number of asset objects unloaded after import = 2
========================================================================
Received Import Request.
  Time since last request: 0.000015 seconds.
  path: Assets/Materials/Laser.mat
  artifactKey: Guid(696f170ef9686f04ea14703d4a34f520) Importer(815301076,1909f56bfc062723c751e8b465ee728b)
Start importing Assets/Materials/Laser.mat using Guid(696f170ef9686f04ea14703d4a34f520) Importer(815301076,1909f56bfc062723c751e8b465ee728b)  -> (artifact id: 'ee5730e93bf4bfa1c4c4067a1bedc548') in 0.007193 seconds
Number of updated asset objects reloaded before import = 0
Number of asset objects unloaded after import = 2
========================================================================
Received Import Request.
  Time since last request: 0.000026 seconds.
  path: Assets/Materials/Orange.mat
  artifactKey: Guid(6576aefe762bb5a459b3ad0c9e1e583c) Importer(815301076,1909f56bfc062723c751e8b465ee728b)
Start importing Assets/Materials/Orange.mat using Guid(6576aefe762bb5a459b3ad0c9e1e583c) Importer(815301076,1909f56bfc062723c751e8b465ee728b)  -> (artifact id: '87adf63a6793126b0c0a2c23f93cdbe0') in 0.005356 seconds
Number of updated asset objects reloaded before import = 0
Number of asset objects unloaded after import = 2
========================================================================
Received Import Request.
  Time since last request: 0.000011 seconds.
  path: Assets/Materials/Red.mat
  artifactKey: Guid(c51e1150e55270340bba6e086e9e012a) Importer(815301076,1909f56bfc062723c751e8b465ee728b)
Start importing Assets/Materials/Red.mat using Guid(c51e1150e55270340bba6e086e9e012a) Importer(815301076,1909f56bfc062723c751e8b465ee728b)  -> (artifact id: '016f89e62b17e73d54acc8dee0dbd422') in 0.008615 seconds
Number of updated asset objects reloaded before import = 0
Number of asset objects unloaded after import = 2
========================================================================
Received Import Request.
  Time since last request: 14.182816 seconds.
  path: Assets/Assets/DamageBorder.png
  artifactKey: Guid(04aa9158edbd3d9488b6836b24b26306) Importer(815301076,1909f56bfc062723c751e8b465ee728b)
Start importing Assets/Assets/DamageBorder.png using Guid(04aa9158edbd3d9488b6836b24b26306) Importer(815301076,1909f56bfc062723c751e8b465ee728b)  -> (artifact id: '3e6e11c0e7e89b65b78135ac00e83e27') in 0.021448 seconds
Number of updated asset objects reloaded before import = 0
Number of asset objects unloaded after import = 3
========================================================================
Received Import Request.
  Time since last request: 0.000012 seconds.
  path: Assets/Assets/RetroSunBackground.png
  artifactKey: Guid(1f41149844689a04a8ab662698a401d8) Importer(815301076,1909f56bfc062723c751e8b465ee728b)
Start importing Assets/Assets/RetroSunBackground.png using Guid(1f41149844689a04a8ab662698a401d8) Importer(815301076,1909f56bfc062723c751e8b465ee728b)  -> (artifact id: 'e3a9a612e1b2de23c873db2d95fb77c9') in 0.024792 seconds
Number of updated asset objects reloaded before import = 0
Number of asset objects unloaded after import = 3
========================================================================
Received Import Request.
  Time since last request: 0.000015 seconds.
  path: Assets/Assets/PowerupIcon.png
  artifactKey: Guid(007e4a79e6aab4948a9d694b8474f6f8) Importer(815301076,1909f56bfc062723c751e8b465ee728b)
Start importing Assets/Assets/PowerupIcon.png using Guid(007e4a79e6aab4948a9d694b8474f6f8) Importer(815301076,1909f56bfc062723c751e8b465ee728b)  -> (artifact id: 'f47d5d27b208ec4de9b4711e9e20f541') in 0.024116 seconds
Number of updated asset objects reloaded before import = 0
Number of asset objects unloaded after import = 3
========================================================================
Received Import Request.
  Time since last request: 0.000023 seconds.
  path: Assets/Assets/WaveRiderCut720.mp4
  artifactKey: Guid(8c4331c7c1bd8b54aaf83e55d2f55071) Importer(815301076,1909f56bfc062723c751e8b465ee728b)
Start importing Assets/Assets/WaveRiderCut720.mp4 using Guid(8c4331c7c1bd8b54aaf83e55d2f55071) Importer(815301076,1909f56bfc062723c751e8b465ee728b)  -> (artifact id: '2a74d0d3511c215a015dc5225217ed14') in 0.001399 seconds
Number of updated asset objects reloaded before import = 0
Number of asset objects unloaded after import = 1
========================================================================
Received Import Request.
  Time since last request: 0.000015 seconds.
  path: Assets/Assets/WaveRiderLogo.png
  artifactKey: Guid(3d4b5e1d2de5fe74fa7cc5a200abf2a9) Importer(815301076,1909f56bfc062723c751e8b465ee728b)
Start importing Assets/Assets/WaveRiderLogo.png using Guid(3d4b5e1d2de5fe74fa7cc5a200abf2a9) Importer(815301076,1909f56bfc062723c751e8b465ee728b)  -> (artifact id: '2295feb9ebe1636b4a1b567b0c8b5649') in 0.011244 seconds
Number of updated asset objects reloaded before import = 0
Number of asset objects unloaded after import = 3
========================================================================
Received Import Request.
  Time since last request: 2.582909 seconds.
  path: Assets/Assets/Textures/GarbageTruck
  artifactKey: Guid(e2c3da4f430179f479ea01ad0622f055) Importer(815301076,1909f56bfc062723c751e8b465ee728b)
Start importing Assets/Assets/Textures/GarbageTruck using Guid(e2c3da4f430179f479ea01ad0622f055) Importer(815301076,1909f56bfc062723c751e8b465ee728b)  -> (artifact id: '07a5b2b8becd599b9c5e3fedd904f925') in 0.000574 seconds
Number of updated asset objects reloaded before import = 0
Number of asset objects unloaded after import = 0
========================================================================
Received Import Request.
  Time since last request: 0.053398 seconds.
  path: Assets/Assets/Textures/GarbageTruck/amar.mat
  artifactKey: Guid(ec4acc31ee8a55d449ec24ba316ac4a3) Importer(815301076,1909f56bfc062723c751e8b465ee728b)
Start importing Assets/Assets/Textures/GarbageTruck/amar.mat using Guid(ec4acc31ee8a55d449ec24ba316ac4a3) Importer(815301076,1909f56bfc062723c751e8b465ee728b)  -> (artifact id: 'e78071a878a6c7ccb62beca293a4c9f1') in 0.005807 seconds
Number of updated asset objects reloaded before import = 0
Number of asset objects unloaded after import = 2
========================================================================
Received Import Request.
  Time since last request: 0.001670 seconds.
  path: Assets/Assets/Textures/GarbageTruck/cab color.mat
  artifactKey: Guid(de59fd7571b609842804e9431f6ae680) Importer(815301076,1909f56bfc062723c751e8b465ee728b)
Start importing Assets/Assets/Textures/GarbageTruck/cab color.mat using Guid(de59fd7571b609842804e9431f6ae680) Importer(815301076,1909f56bfc062723c751e8b465ee728b)  -> (artifact id: '96a1f0db574f2eb9d3c3b166bea5768d') in 0.005553 seconds
Number of updated asset objects reloaded before import = 0
Number of asset objects unloaded after import = 2
========================================================================
Received Import Request.
  Time since last request: 0.000012 seconds.
  path: Assets/Assets/Textures/GarbageTruck/lgbt+.mat
  artifactKey: Guid(faec1c8d856d64c40a69ebe04393f8b5) Importer(815301076,1909f56bfc062723c751e8b465ee728b)
Start importing Assets/Assets/Textures/GarbageTruck/lgbt+.mat using Guid(faec1c8d856d64c40a69ebe04393f8b5) Importer(815301076,1909f56bfc062723c751e8b465ee728b)  -> (artifact id: '367fb7f93237b8646f0f6ed0902c8587') in 0.004961 seconds
Number of updated asset objects reloaded before import = 0
Number of asset objects unloaded after import = 2
========================================================================
Received Import Request.
  Time since last request: 0.000031 seconds.
  path: Assets/Assets/Textures/GarbageTruck/glaseado.mat
  artifactKey: Guid(671b0fcd733baba4b97455d7d7388423) Importer(815301076,1909f56bfc062723c751e8b465ee728b)
Start importing Assets/Assets/Textures/GarbageTruck/glaseado.mat using Guid(671b0fcd733baba4b97455d7d7388423) Importer(815301076,1909f56bfc062723c751e8b465ee728b)  -> (artifact id: 'f6c0cd6d6a460c7c4a036413261ab8aa') in 0.006081 seconds
Number of updated asset objects reloaded before import = 0
Number of asset objects unloaded after import = 2
========================================================================
Received Import Request.
  Time since last request: 0.000014 seconds.
  path: Assets/Assets/Textures/GarbageTruck/n3 br.mat
  artifactKey: Guid(d022b55dea4bbfb4a8ee4ba40a435639) Importer(815301076,1909f56bfc062723c751e8b465ee728b)
Start importing Assets/Assets/Textures/GarbageTruck/n3 br.mat using Guid(d022b55dea4bbfb4a8ee4ba40a435639) Importer(815301076,1909f56bfc062723c751e8b465ee728b)  -> (artifact id: '27631a739181d341e96effe97f208581') in 0.006092 seconds
Number of updated asset objects reloaded before import = 0
Number of asset objects unloaded after import = 2
========================================================================
Received Import Request.
  Time since last request: 0.000011 seconds.
  path: Assets/Assets/Textures/GarbageTruck/sinta reflectiva.mat
  artifactKey: Guid(8c54707645a9e8e47ac8e6dde0f1cf78) Importer(815301076,1909f56bfc062723c751e8b465ee728b)
Start importing Assets/Assets/Textures/GarbageTruck/sinta reflectiva.mat using Guid(8c54707645a9e8e47ac8e6dde0f1cf78) Importer(815301076,1909f56bfc062723c751e8b465ee728b)  -> (artifact id: 'a7db74e6e9b6d7d26ca3bb2ec6265595') in 0.006612 seconds
Number of updated asset objects reloaded before import = 0
Number of asset objects unloaded after import = 2
========================================================================
Received Import Request.
  Time since last request: 0.000009 seconds.
  path: Assets/Assets/Textures/GarbageTruck/rines_.mat
  artifactKey: Guid(3e8d47279955ba947895ebd5eb9ca923) Importer(815301076,1909f56bfc062723c751e8b465ee728b)
Start importing Assets/Assets/Textures/GarbageTruck/rines_.mat using Guid(3e8d47279955ba947895ebd5eb9ca923) Importer(815301076,1909f56bfc062723c751e8b465ee728b)  -> (artifact id: '02983479c965b5e0ad97c62f18efb197') in 0.005568 seconds
Number of updated asset objects reloaded before import = 0
Number of asset objects unloaded after import = 2
========================================================================
Received Import Request.
  Time since last request: 0.000015 seconds.
  path: Assets/Assets/Textures/GarbageTruck/Material #28.mat
  artifactKey: Guid(4614788547c7f854d8f226313491abb2) Importer(815301076,1909f56bfc062723c751e8b465ee728b)
Start importing Assets/Assets/Textures/GarbageTruck/Material #28.mat using Guid(4614788547c7f854d8f226313491abb2) Importer(815301076,1909f56bfc062723c751e8b465ee728b)  -> (artifact id: '0c0e135de7e87489952919c6d2f68c53') in 0.006302 seconds
Number of updated asset objects reloaded before import = 0
Number of asset objects unloaded after import = 2
========================================================================
Received Import Request.
  Time since last request: 0.000014 seconds.
  path: Assets/Assets/Textures/GarbageTruck/rim_texture_03.png
  artifactKey: Guid(ae7fe5e803f418c40b26610b1d91f47f) Importer(815301076,1909f56bfc062723c751e8b465ee728b)
Start importing Assets/Assets/Textures/GarbageTruck/rim_texture_03.png using Guid(ae7fe5e803f418c40b26610b1d91f47f) Importer(815301076,1909f56bfc062723c751e8b465ee728b)  -> (artifact id: '510d7f5b165174a257bd89aefa4ef135') in 0.011136 seconds
Number of updated asset objects reloaded before import = 0
Number of asset objects unloaded after import = 2
========================================================================
Received Import Request.
  Time since last request: 0.000010 seconds.
  path: Assets/Assets/Textures/GarbageTruck/Material #43.mat
  artifactKey: Guid(a72187cd8a80e6f42b16f2f566c79c80) Importer(815301076,1909f56bfc062723c751e8b465ee728b)
Start importing Assets/Assets/Textures/GarbageTruck/Material #43.mat using Guid(a72187cd8a80e6f42b16f2f566c79c80) Importer(815301076,1909f56bfc062723c751e8b465ee728b)  -> (artifact id: '462de31175c9cfff253e51eb0ab3a159') in 0.005605 seconds
Number of updated asset objects reloaded before import = 0
Number of asset objects unloaded after import = 2
========================================================================
Received Import Request.
  Time since last request: 0.000011 seconds.
  path: Assets/Assets/Textures/GarbageTruck/darc.mat
  artifactKey: Guid(29162c4b74965624b8844849f0eb6650) Importer(815301076,1909f56bfc062723c751e8b465ee728b)
Start importing Assets/Assets/Textures/GarbageTruck/darc.mat using Guid(29162c4b74965624b8844849f0eb6650) Importer(815301076,1909f56bfc062723c751e8b465ee728b)  -> (artifact id: 'd516780799e78159ac0dbc3a381f0815') in 0.005900 seconds
Number of updated asset objects reloaded before import = 0
Number of asset objects unloaded after import = 2
========================================================================
Received Import Request.
  Time since last request: 0.000024 seconds.
  path: Assets/Assets/Textures/GarbageTruck/cromioum.mat
  artifactKey: Guid(5f5ff407133917a438abef38772fdd34) Importer(815301076,1909f56bfc062723c751e8b465ee728b)
Start importing Assets/Assets/Textures/GarbageTruck/cromioum.mat using Guid(5f5ff407133917a438abef38772fdd34) Importer(815301076,1909f56bfc062723c751e8b465ee728b)  -> (artifact id: '67c089bc8f3adf59ff8512aa64527a51') in 0.006277 seconds
Number of updated asset objects reloaded before import = 0
Number of asset objects unloaded after import = 2
========================================================================
Received Import Request.
  Time since last request: 0.000011 seconds.
  path: Assets/Assets/Textures/GarbageTruck/garbage.mat
  artifactKey: Guid(1b71a899457c2074c9898f325ecdadd2) Importer(815301076,1909f56bfc062723c751e8b465ee728b)
Start importing Assets/Assets/Textures/GarbageTruck/garbage.mat using Guid(1b71a899457c2074c9898f325ecdadd2) Importer(815301076,1909f56bfc062723c751e8b465ee728b)  -> (artifact id: 'a7e956d8b2f7d45ff619508f01058100') in 0.005387 seconds
Number of updated asset objects reloaded before import = 0
Number of asset objects unloaded after import = 2
========================================================================
Received Import Request.
  Time since last request: 0.000012 seconds.
  path: Assets/Assets/Textures/GarbageTruck/patron_rfc.jpg
  artifactKey: Guid(4d2b6548304b3384b858015407fd0f15) Importer(815301076,1909f56bfc062723c751e8b465ee728b)
Start importing Assets/Assets/Textures/GarbageTruck/patron_rfc.jpg using Guid(4d2b6548304b3384b858015407fd0f15) Importer(815301076,1909f56bfc062723c751e8b465ee728b)  -> (artifact id: '934520494c7b5f0131f57c40dacae8b3') in 0.011966 seconds
Number of updated asset objects reloaded before import = 0
Number of asset objects unloaded after import = 2
Editor requested this worker to shutdown with reason: Scaling down because of idle timeout
TcpMessagingSession - receive error: operation aborted. errorcode: 995, details: The I/O operation has been aborted because of either a thread exit or an application request.
AssetImportWorker is now disconnected from the server
Process exiting
Exiting without the bug reporter. Application will terminate with return code 0