Using pre-set license
Built from '2022.3/staging' branch; Version is '2022.3.8f1 (b5eafc012955) revision 11922172'; Using compiler version '192829333'; Build Type 'Release'
OS: 'Windows 11  (10.0.22631) 64bit Professional' Language: 'en' Physical Memory: 31863 MB
BatchMode: 1, IsHumanControllingUs: 0, StartBugReporterOnCrash: 0, Is64bit: 1, IsPro: 1

COMMAND LINE ARGUMENTS:
C:\Program Files\Unity\Hub\Editor\2022.3.8f1\Editor\Unity.exe
-adb2
-batchMode
-noUpm
-name
AssetImportWorker4
-projectPath
C:/Users/Diego Arriaga/Documents/GitHub/RetroRider/Wave Riders
-logFile
Logs/AssetImportWorker4.log
-srvPort
61302
Successfully changed project path to: C:/Users/Diego Arriaga/Documents/GitHub/RetroRider/Wave Riders
C:/Users/Diego Arriaga/Documents/GitHub/RetroRider/Wave Riders
[UnityMemory] Configuration Parameters - Can be set up in boot.config
    "memorysetup-bucket-allocator-granularity=16"
    "memorysetup-bucket-allocator-bucket-count=8"
    "memorysetup-bucket-allocator-block-size=33554432"
    "memorysetup-bucket-allocator-block-count=8"
    "memorysetup-main-allocator-block-size=16777216"
    "memorysetup-thread-allocator-block-size=16777216"
    "memorysetup-gfx-main-allocator-block-size=16777216"
    "memorysetup-gfx-thread-allocator-block-size=16777216"
    "memorysetup-cache-allocator-block-size=4194304"
    "memorysetup-typetree-allocator-block-size=2097152"
    "memorysetup-profiler-bucket-allocator-granularity=16"
    "memorysetup-profiler-bucket-allocator-bucket-count=8"
    "memorysetup-profiler-bucket-allocator-block-size=33554432"
    "memorysetup-profiler-bucket-allocator-block-count=8"
    "memorysetup-profiler-allocator-block-size=16777216"
    "memorysetup-profiler-editor-allocator-block-size=1048576"
    "memorysetup-temp-allocator-size-main=16777216"
    "memorysetup-job-temp-allocator-block-size=2097152"
    "memorysetup-job-temp-allocator-block-size-background=1048576"
    "memorysetup-job-temp-allocator-reduction-small-platforms=262144"
    "memorysetup-allocator-temp-initial-block-size-main=262144"
    "memorysetup-allocator-temp-initial-block-size-worker=262144"
    "memorysetup-temp-allocator-size-background-worker=32768"
    "memorysetup-temp-allocator-size-job-worker=262144"
    "memorysetup-temp-allocator-size-preload-manager=33554432"
    "memorysetup-temp-allocator-size-nav-mesh-worker=65536"
    "memorysetup-temp-allocator-size-audio-worker=65536"
    "memorysetup-temp-allocator-size-cloud-worker=32768"
    "memorysetup-temp-allocator-size-gi-baking-worker=262144"
    "memorysetup-temp-allocator-size-gfx=262144"
Player connection [14392] Host "[IP] 192.168.0.102 [Port] 0 [Flags] 2 [Guid] 438365903 [EditorId] 438365903 [Version] 1048832 [Id] WindowsEditor(7,Monster) [Debug] 1 [PackageName] WindowsEditor [ProjectName] Editor" joined multi-casting on [225.0.0.222:54997]...

Player connection [14392] Host "[IP] 192.168.0.102 [Port] 0 [Flags] 2 [Guid] 438365903 [EditorId] 438365903 [Version] 1048832 [Id] WindowsEditor(7,Monster) [Debug] 1 [PackageName] WindowsEditor [ProjectName] Editor" joined alternative multi-casting on [225.0.0.222:34997]...

[Physics::Module] Initialized MultithreadedJobDispatcher with 31 workers.
Refreshing native plugins compatible for Editor in 4.46 ms, found 0 plugins.
Preloading 0 native plugins for Editor in 0.00 ms.
Initialize engine version: 2022.3.8f1 (b5eafc012955)
[Subsystems] Discovering subsystems at path C:/Program Files/Unity/Hub/Editor/2022.3.8f1/Editor/Data/Resources/UnitySubsystems
[Subsystems] Discovering subsystems at path C:/Users/Diego Arriaga/Documents/GitHub/RetroRider/Wave Riders/Assets
GfxDevice: creating device client; threaded=0; jobified=0
Direct3D:
    Version:  Direct3D 11.0 [level 11.1]
    Renderer: NVIDIA GeForce RTX 4090 (ID=0x2684)
    Vendor:   NVIDIA
    VRAM:     24142 MB
    Driver:   32.0.15.6094
Initialize mono
Mono path[0] = 'C:/Program Files/Unity/Hub/Editor/2022.3.8f1/Editor/Data/Managed'
Mono path[1] = 'C:/Program Files/Unity/Hub/Editor/2022.3.8f1/Editor/Data/MonoBleedingEdge/lib/mono/unityjit-win32'
Mono config path = 'C:/Program Files/Unity/Hub/Editor/2022.3.8f1/Editor/Data/MonoBleedingEdge/etc'
Using monoOptions --debugger-agent=transport=dt_socket,embedding=1,server=y,suspend=n,address=127.0.0.1:56496
Begin MonoManager ReloadAssembly
Registering precompiled unity dll's ...
Register platform support module: C:/Program Files/Unity/Hub/Editor/2022.3.8f1/Editor/Data/PlaybackEngines/WindowsStandaloneSupport/UnityEditor.WindowsStandalone.Extensions.dll
Registered in 0.006715 seconds.
- Loaded All Assemblies, in  0.229 seconds
Native extension for WindowsStandalone target not found
Mono: successfully reloaded assembly
- Finished resetting the current domain, in  0.141 seconds
Domain Reload Profiling: 369ms
	BeginReloadAssembly (76ms)
		ExecutionOrderSort (0ms)
		DisableScriptedObjects (0ms)
		BackupInstance (0ms)
		ReleaseScriptingObjects (0ms)
		CreateAndSetChildDomain (0ms)
	RebuildCommonClasses (20ms)
	RebuildNativeTypeToScriptingClass (6ms)
	initialDomainReloadingComplete (41ms)
	LoadAllAssembliesAndSetupDomain (84ms)
		LoadAssemblies (73ms)
		RebuildTransferFunctionScriptingTraits (0ms)
		AnalyzeDomain (83ms)
			TypeCache.Refresh (82ms)
				TypeCache.ScanAssembly (74ms)
			ScanForSourceGeneratedMonoScriptInfo (0ms)
			ResolveRequiredComponents (0ms)
	FinalizeReload (142ms)
		ReleaseScriptCaches (0ms)
		RebuildScriptCaches (0ms)
		SetupLoadedEditorAssemblies (109ms)
			LogAssemblyErrors (0ms)
			InitializePlatformSupportModulesInManaged (6ms)
			SetLoadedEditorAssemblies (4ms)
			RefreshPlugins (0ms)
			BeforeProcessingInitializeOnLoad (1ms)
			ProcessInitializeOnLoadAttributes (70ms)
			ProcessInitializeOnLoadMethodAttributes (28ms)
			AfterProcessingInitializeOnLoad (0ms)
			EditorAssembliesLoaded (0ms)
		ExecutionOrderSort2 (0ms)
		AwakeInstancesAfterBackupRestoration (0ms)
========================================================================
Worker process is ready to serve import requests
Begin MonoManager ReloadAssembly
- Loaded All Assemblies, in  0.333 seconds
Refreshing native plugins compatible for Editor in 1.33 ms, found 0 plugins.
Native extension for WindowsStandalone target not found
Mono: successfully reloaded assembly
- Finished resetting the current domain, in  0.309 seconds
Domain Reload Profiling: 639ms
	BeginReloadAssembly (101ms)
		ExecutionOrderSort (0ms)
		DisableScriptedObjects (3ms)
		BackupInstance (0ms)
		ReleaseScriptingObjects (0ms)
		CreateAndSetChildDomain (18ms)
	RebuildCommonClasses (21ms)
	RebuildNativeTypeToScriptingClass (6ms)
	initialDomainReloadingComplete (28ms)
	LoadAllAssembliesAndSetupDomain (174ms)
		LoadAssemblies (174ms)
		RebuildTransferFunctionScriptingTraits (0ms)
		AnalyzeDomain (58ms)
			TypeCache.Refresh (44ms)
				TypeCache.ScanAssembly (40ms)
			ScanForSourceGeneratedMonoScriptInfo (8ms)
			ResolveRequiredComponents (5ms)
	FinalizeReload (310ms)
		ReleaseScriptCaches (0ms)
		RebuildScriptCaches (0ms)
		SetupLoadedEditorAssemblies (225ms)
			LogAssemblyErrors (0ms)
			InitializePlatformSupportModulesInManaged (4ms)
			SetLoadedEditorAssemblies (2ms)
			RefreshPlugins (0ms)
			BeforeProcessingInitializeOnLoad (39ms)
			ProcessInitializeOnLoadAttributes (131ms)
			ProcessInitializeOnLoadMethodAttributes (42ms)
			AfterProcessingInitializeOnLoad (7ms)
			EditorAssembliesLoaded (0ms)
		ExecutionOrderSort2 (0ms)
		AwakeInstancesAfterBackupRestoration (4ms)
database is locked
database is locked
Launched and connected shader compiler UnityShaderCompiler.exe after 0.07 seconds
Refreshing native plugins compatible for Editor in 1.25 ms, found 0 plugins.
Preloading 0 native plugins for Editor in 0.00 ms.
Unloading 3189 Unused Serialized files (Serialized files now loaded: 0)
Unloading 63 unused Assets / (444.8 KB). Loaded Objects now: 3663.
Memory consumption went from 160.9 MB to 160.4 MB.
Total: 2.361200 ms (FindLiveObjects: 0.176200 ms CreateObjectMapping: 0.043300 ms MarkObjects: 1.970500 ms  DeleteObjects: 0.170600 ms)

AssetImportParameters requested are different than current active one (requested -> active):
  custom:video-decoder-webm-vp8: 9c59270c3fd7afecdb556c50c9e8de78 -> 
  custom:SearchIndexIgnoredProperties: e643bd26f0fe6173181afceb89e7c659 -> 
  custom:container-demuxer-ogg: 62fdf1f143b41e24485cea50d1cbac27 -> 
  custom:AudioImporter_EditorPlatform: d09bf68614088b80899f8185d706f6e7 -> 
  custom:video-codec-MediaFoundation-h265: 746d11721c4dcdbdad8f713fa42b33f4 -> 
  custom:video-decoder-ogg-theora: a1e56fd34408186e4bbccfd4996cb3dc -> 
  custom:framework-win-MediaFoundation: 216162199b28c13a410421893ffa2e32 -> 
  custom:video-encoder-webm-vp8: eb34c28f22e8b96e1ab97ce403110664 -> 
  custom:audio-decoder-ogg-vorbis: bf7c407c2cedff20999df2af8eb42d56 -> 
  custom:CustomObjectIndexerAttribute: a3ef5dd2817f97addfee359851a9dba5 -> 
  custom:container-demuxer-webm: 4f35f7cbe854078d1ac9338744f61a02 -> 
  custom:audio-encoder-webm-vorbis: bf7c407c2cedff20999df2af8eb42d56 -> 
  custom:container-muxer-webm: aa71ff27fc2769a1b78a27578f13a17b -> 
========================================================================
Received Import Request.
  Time since last request: 1073226.792663 seconds.
  path: Assets/Prefabs/BarricadeEmissive.prefab
  artifactKey: Guid(a01af197b5788be468505cd82540eaa6) Importer(815301076,1909f56bfc062723c751e8b465ee728b)
Start importing Assets/Prefabs/BarricadeEmissive.prefab using Guid(a01af197b5788be468505cd82540eaa6) Importer(815301076,1909f56bfc062723c751e8b465ee728b)  -> (artifact id: '732726929464f4d57d0d6f6c9fe8ee2a') in 0.176324 seconds
Number of updated asset objects reloaded before import = 0
Number of asset objects unloaded after import = 87
========================================================================
Received Prepare
Begin MonoManager ReloadAssembly
- Loaded All Assemblies, in  0.309 seconds
Refreshing native plugins compatible for Editor in 1.60 ms, found 0 plugins.
Native extension for WindowsStandalone target not found
Mono: successfully reloaded assembly
- Finished resetting the current domain, in  0.573 seconds
Domain Reload Profiling: 876ms
	BeginReloadAssembly (124ms)
		ExecutionOrderSort (0ms)
		DisableScriptedObjects (6ms)
		BackupInstance (0ms)
		ReleaseScriptingObjects (0ms)
		CreateAndSetChildDomain (27ms)
	RebuildCommonClasses (21ms)
	RebuildNativeTypeToScriptingClass (7ms)
	initialDomainReloadingComplete (24ms)
	LoadAllAssembliesAndSetupDomain (129ms)
		LoadAssemblies (182ms)
		RebuildTransferFunctionScriptingTraits (0ms)
		AnalyzeDomain (10ms)
			TypeCache.Refresh (3ms)
				TypeCache.ScanAssembly (0ms)
			ScanForSourceGeneratedMonoScriptInfo (0ms)
			ResolveRequiredComponents (6ms)
	FinalizeReload (573ms)
		ReleaseScriptCaches (0ms)
		RebuildScriptCaches (0ms)
		SetupLoadedEditorAssemblies (220ms)
			LogAssemblyErrors (0ms)
			InitializePlatformSupportModulesInManaged (5ms)
			SetLoadedEditorAssemblies (2ms)
			RefreshPlugins (0ms)
			BeforeProcessingInitializeOnLoad (40ms)
			ProcessInitializeOnLoadAttributes (126ms)
			ProcessInitializeOnLoadMethodAttributes (38ms)
			AfterProcessingInitializeOnLoad (10ms)
			EditorAssembliesLoaded (0ms)
		ExecutionOrderSort2 (0ms)
		AwakeInstancesAfterBackupRestoration (8ms)
Refreshing native plugins compatible for Editor in 1.45 ms, found 0 plugins.
Preloading 0 native plugins for Editor in 0.00 ms.
Unloading 3030 Unused Serialized files (Serialized files now loaded: 0)
Unloading 25 unused Assets / (416.6 KB). Loaded Objects now: 3725.
Memory consumption went from 137.5 MB to 137.1 MB.
Total: 2.876000 ms (FindLiveObjects: 0.206400 ms CreateObjectMapping: 0.044500 ms MarkObjects: 2.475600 ms  DeleteObjects: 0.149100 ms)

Prepare: number of updated asset objects reloaded= 0
AssetImportParameters requested are different than current active one (requested -> active):
  custom:video-decoder-webm-vp8: 9c59270c3fd7afecdb556c50c9e8de78 -> 
  custom:SearchIndexIgnoredProperties: e643bd26f0fe6173181afceb89e7c659 -> 
  custom:container-demuxer-ogg: 62fdf1f143b41e24485cea50d1cbac27 -> 
  custom:AudioImporter_EditorPlatform: d09bf68614088b80899f8185d706f6e7 -> 
  custom:video-codec-MediaFoundation-h265: 746d11721c4dcdbdad8f713fa42b33f4 -> 
  custom:video-decoder-ogg-theora: a1e56fd34408186e4bbccfd4996cb3dc -> 
  custom:framework-win-MediaFoundation: 216162199b28c13a410421893ffa2e32 -> 
  custom:video-encoder-webm-vp8: eb34c28f22e8b96e1ab97ce403110664 -> 
  custom:audio-decoder-ogg-vorbis: bf7c407c2cedff20999df2af8eb42d56 -> 
  custom:CustomObjectIndexerAttribute: a3ef5dd2817f97addfee359851a9dba5 -> 
  custom:container-demuxer-webm: 4f35f7cbe854078d1ac9338744f61a02 -> 
  custom:audio-encoder-webm-vorbis: bf7c407c2cedff20999df2af8eb42d56 -> 
  custom:container-muxer-webm: aa71ff27fc2769a1b78a27578f13a17b -> 
========================================================================
Received Import Request.
  Time since last request: 201.174931 seconds.
  path: Assets/Prefabs/PBarricadeV1.prefab
  artifactKey: Guid(df8046ecad8ba9d478afa46a1efab430) Importer(815301076,1909f56bfc062723c751e8b465ee728b)
Start importing Assets/Prefabs/PBarricadeV1.prefab using Guid(df8046ecad8ba9d478afa46a1efab430) Importer(815301076,1909f56bfc062723c751e8b465ee728b)  -> (artifact id: 'fc346f45fc983dd891d77df6ca60e6e3') in 0.160572 seconds
Number of updated asset objects reloaded before import = 0
Number of asset objects unloaded after import = 384
========================================================================
Received Import Request.
  Time since last request: 68.489350 seconds.
  path: Assets/Prefabs/BarricadeEmissive.prefab
  artifactKey: Guid(a01af197b5788be468505cd82540eaa6) Importer(815301076,1909f56bfc062723c751e8b465ee728b)
Start importing Assets/Prefabs/BarricadeEmissive.prefab using Guid(a01af197b5788be468505cd82540eaa6) Importer(815301076,1909f56bfc062723c751e8b465ee728b)  -> (artifact id: 'c7ed3de2e7cda38cffd06a6439d3422c') in 0.010979 seconds
Number of updated asset objects reloaded before import = 0
Number of asset objects unloaded after import = 88
========================================================================
Received Import Request.
  Time since last request: 2.009663 seconds.
  path: Assets/Prefabs/BarricadeEmissive.prefab
  artifactKey: Guid(a01af197b5788be468505cd82540eaa6) Importer(815301076,1909f56bfc062723c751e8b465ee728b)
Start importing Assets/Prefabs/BarricadeEmissive.prefab using Guid(a01af197b5788be468505cd82540eaa6) Importer(815301076,1909f56bfc062723c751e8b465ee728b)  -> (artifact id: '72658344ffdd494356995ca01d214827') in 0.013193 seconds
Number of updated asset objects reloaded before import = 0
Number of asset objects unloaded after import = 627
========================================================================
Received Import Request.
  Time since last request: 8.837058 seconds.
  path: Assets/Prefabs/BarricadeEmissive.prefab
  artifactKey: Guid(a01af197b5788be468505cd82540eaa6) Importer(815301076,1909f56bfc062723c751e8b465ee728b)
Start importing Assets/Prefabs/BarricadeEmissive.prefab using Guid(a01af197b5788be468505cd82540eaa6) Importer(815301076,1909f56bfc062723c751e8b465ee728b)  -> (artifact id: 'c86e7b2cb92f056c70f19e475f0166f4') in 0.016835 seconds
Number of updated asset objects reloaded before import = 0
Number of asset objects unloaded after import = 628
========================================================================
Received Import Request.
  Time since last request: 5.617342 seconds.
  path: Assets/Prefabs/80-american-police-sedan-low-poly-model/source/Negotiator80cop.fbx
  artifactKey: Guid(a56a14b9dd6860a4a8665a67a824457a) Importer(815301076,1909f56bfc062723c751e8b465ee728b)
Start importing Assets/Prefabs/80-american-police-sedan-low-poly-model/source/Negotiator80cop.fbx using Guid(a56a14b9dd6860a4a8665a67a824457a) Importer(815301076,1909f56bfc062723c751e8b465ee728b)  -> (artifact id: 'c200276f6b97bb876538960da6b202a4') in 0.233410 seconds
Number of updated asset objects reloaded before import = 0
Number of asset objects unloaded after import = 147
========================================================================
Received Import Request.
  Time since last request: 2.165082 seconds.
  path: Assets/Prefabs/BarricadeEmissive.prefab
  artifactKey: Guid(a01af197b5788be468505cd82540eaa6) Importer(815301076,1909f56bfc062723c751e8b465ee728b)
Start importing Assets/Prefabs/BarricadeEmissive.prefab using Guid(a01af197b5788be468505cd82540eaa6) Importer(815301076,1909f56bfc062723c751e8b465ee728b)  -> (artifact id: 'c5616d12778275a2fa1fd7391129472b') in 0.014386 seconds
Number of updated asset objects reloaded before import = 0
Number of asset objects unloaded after import = 629
========================================================================
Received Import Request.
  Time since last request: 3.811541 seconds.
  path: Assets/Prefabs/BarricadeEmissive.prefab
  artifactKey: Guid(a01af197b5788be468505cd82540eaa6) Importer(815301076,1909f56bfc062723c751e8b465ee728b)
Start importing Assets/Prefabs/BarricadeEmissive.prefab using Guid(a01af197b5788be468505cd82540eaa6) Importer(815301076,1909f56bfc062723c751e8b465ee728b)  -> (artifact id: '09c7eab6d6c4f5ef0f71f4ece8f2a9d8') in 0.025071 seconds
Number of updated asset objects reloaded before import = 0
Number of asset objects unloaded after import = 630
========================================================================
Received Import Request.
  Time since last request: 5.040612 seconds.
  path: Assets/Prefabs/BarricadeEmissive.prefab
  artifactKey: Guid(a01af197b5788be468505cd82540eaa6) Importer(815301076,1909f56bfc062723c751e8b465ee728b)
Start importing Assets/Prefabs/BarricadeEmissive.prefab using Guid(a01af197b5788be468505cd82540eaa6) Importer(815301076,1909f56bfc062723c751e8b465ee728b)  -> (artifact id: '41d02cfd41b79051fd930b966aba826d') in 0.014236 seconds
Number of updated asset objects reloaded before import = 0
Number of asset objects unloaded after import = 630
========================================================================
Received Import Request.
  Time since last request: 5.020285 seconds.
  path: Assets/Prefabs/BarricadeEmissive.prefab
  artifactKey: Guid(a01af197b5788be468505cd82540eaa6) Importer(815301076,1909f56bfc062723c751e8b465ee728b)
Start importing Assets/Prefabs/BarricadeEmissive.prefab using Guid(a01af197b5788be468505cd82540eaa6) Importer(815301076,1909f56bfc062723c751e8b465ee728b)  -> (artifact id: 'cc270a82d91a9d353162708e4d3a51c0') in 0.013655 seconds
Number of updated asset objects reloaded before import = 0
Number of asset objects unloaded after import = 631
========================================================================
Received Import Request.
  Time since last request: 5.828101 seconds.
  path: Assets/Prefabs/BarricadeEmissive.prefab
  artifactKey: Guid(a01af197b5788be468505cd82540eaa6) Importer(815301076,1909f56bfc062723c751e8b465ee728b)
Start importing Assets/Prefabs/BarricadeEmissive.prefab using Guid(a01af197b5788be468505cd82540eaa6) Importer(815301076,1909f56bfc062723c751e8b465ee728b)  -> (artifact id: '024376a43fb5948bc02e0e7978228451') in 0.012864 seconds
Number of updated asset objects reloaded before import = 0
Number of asset objects unloaded after import = 632
========================================================================
Received Import Request.
  Time since last request: 10.053215 seconds.
  path: Assets/Prefabs/BarricadeEmissive.prefab
  artifactKey: Guid(a01af197b5788be468505cd82540eaa6) Importer(815301076,1909f56bfc062723c751e8b465ee728b)
Start importing Assets/Prefabs/BarricadeEmissive.prefab using Guid(a01af197b5788be468505cd82540eaa6) Importer(815301076,1909f56bfc062723c751e8b465ee728b)  -> (artifact id: '06068dfabdbfa3984574f4c66b03d9ed') in 0.012915 seconds
Number of updated asset objects reloaded before import = 0
Number of asset objects unloaded after import = 633
========================================================================
Received Import Request.
  Time since last request: 9.436837 seconds.
  path: Assets/Prefabs/BarricadeEmissive.prefab
  artifactKey: Guid(a01af197b5788be468505cd82540eaa6) Importer(815301076,1909f56bfc062723c751e8b465ee728b)
Start importing Assets/Prefabs/BarricadeEmissive.prefab using Guid(a01af197b5788be468505cd82540eaa6) Importer(815301076,1909f56bfc062723c751e8b465ee728b)  -> (artifact id: '82540bf7cceed76eb37f202a8fafe285') in 0.013887 seconds
Number of updated asset objects reloaded before import = 0
Number of asset objects unloaded after import = 633
========================================================================
Received Import Request.
  Time since last request: 7.027455 seconds.
  path: Assets/Prefabs/BarricadeEmissive.prefab
  artifactKey: Guid(a01af197b5788be468505cd82540eaa6) Importer(815301076,1909f56bfc062723c751e8b465ee728b)
Start importing Assets/Prefabs/BarricadeEmissive.prefab using Guid(a01af197b5788be468505cd82540eaa6) Importer(815301076,1909f56bfc062723c751e8b465ee728b)  -> (artifact id: '28f8e03a1e30302b144b0feabcdebd3d') in 0.013544 seconds
Number of updated asset objects reloaded before import = 0
Number of asset objects unloaded after import = 633
========================================================================
Received Import Request.
  Time since last request: 13.246657 seconds.
  path: Assets/Prefabs/BarricadeEmissive.prefab
  artifactKey: Guid(a01af197b5788be468505cd82540eaa6) Importer(815301076,1909f56bfc062723c751e8b465ee728b)
Start importing Assets/Prefabs/BarricadeEmissive.prefab using Guid(a01af197b5788be468505cd82540eaa6) Importer(815301076,1909f56bfc062723c751e8b465ee728b)  -> (artifact id: '963d791edd4be04c0ac2b78495e26871') in 0.015418 seconds
Number of updated asset objects reloaded before import = 0
Number of asset objects unloaded after import = 632
========================================================================
Received Import Request.
  Time since last request: 12.448224 seconds.
  path: Assets/Prefabs/BarricadeEmissive.prefab
  artifactKey: Guid(a01af197b5788be468505cd82540eaa6) Importer(815301076,1909f56bfc062723c751e8b465ee728b)
Start importing Assets/Prefabs/BarricadeEmissive.prefab using Guid(a01af197b5788be468505cd82540eaa6) Importer(815301076,1909f56bfc062723c751e8b465ee728b)  -> (artifact id: 'a39325945470e7629c2b7b483652a750') in 0.013023 seconds
Number of updated asset objects reloaded before import = 0
Number of asset objects unloaded after import = 632
========================================================================
Received Import Request.
  Time since last request: 15.072326 seconds.
  path: Assets/Prefabs/BarricadeEmissive.prefab
  artifactKey: Guid(a01af197b5788be468505cd82540eaa6) Importer(815301076,1909f56bfc062723c751e8b465ee728b)
Start importing Assets/Prefabs/BarricadeEmissive.prefab using Guid(a01af197b5788be468505cd82540eaa6) Importer(815301076,1909f56bfc062723c751e8b465ee728b)  -> (artifact id: '00ec3cba116a95ef72fe216e021ad966') in 0.013824 seconds
Number of updated asset objects reloaded before import = 0
Number of asset objects unloaded after import = 632
========================================================================
Received Import Request.
  Time since last request: 10.394191 seconds.
  path: Assets/Levels/Level1.prefab
  artifactKey: Guid(20372021cdc91ed49a45e0237883943a) Importer(815301076,1909f56bfc062723c751e8b465ee728b)
Start importing Assets/Levels/Level1.prefab using Guid(20372021cdc91ed49a45e0237883943a) Importer(815301076,1909f56bfc062723c751e8b465ee728b)  -> (artifact id: 'cf2dd22025e83a82a0392a8908c19075') in 0.094359 seconds
Number of updated asset objects reloaded before import = 0
Number of asset objects unloaded after import = 1518
========================================================================
Received Import Request.
  Time since last request: 0.000014 seconds.
  path: Assets/Levels/Level5.prefab
  artifactKey: Guid(379b5326bcae29745af43a8eaa96d066) Importer(815301076,1909f56bfc062723c751e8b465ee728b)
Start importing Assets/Levels/Level5.prefab using Guid(379b5326bcae29745af43a8eaa96d066) Importer(815301076,1909f56bfc062723c751e8b465ee728b)  -> (artifact id: '16b8a008c25c3ced7fadd8830ca1c5a6') in 0.050884 seconds
Number of updated asset objects reloaded before import = 0
Number of asset objects unloaded after import = 1695
========================================================================
Received Import Request.
  Time since last request: 0.000016 seconds.
  path: Assets/Levels/Level3.prefab
  artifactKey: Guid(7ae53e499ea92cc4c9094af3e6aba98b) Importer(815301076,1909f56bfc062723c751e8b465ee728b)
Start importing Assets/Levels/Level3.prefab using Guid(7ae53e499ea92cc4c9094af3e6aba98b) Importer(815301076,1909f56bfc062723c751e8b465ee728b)  -> (artifact id: '5ff8bf7c46ac012668c3b2c2e5ee19e4') in 0.043301 seconds
Number of updated asset objects reloaded before import = 0
Number of asset objects unloaded after import = 1715
========================================================================
Received Import Request.
  Time since last request: 0.000023 seconds.
  path: Assets/Levels/Level4 1.prefab
  artifactKey: Guid(3c6bb1b3004e0694b9420e4aae0bbca8) Importer(815301076,1909f56bfc062723c751e8b465ee728b)
Start importing Assets/Levels/Level4 1.prefab using Guid(3c6bb1b3004e0694b9420e4aae0bbca8) Importer(815301076,1909f56bfc062723c751e8b465ee728b)  -> (artifact id: '0b8b933841890dc2ff82f5dc02753906') in 0.083520 seconds
Number of updated asset objects reloaded before import = 0
Number of asset objects unloaded after import = 1233
========================================================================
Received Import Request.
  Time since last request: 0.000023 seconds.
  path: Assets/Levels/Level5 1.prefab
  artifactKey: Guid(701defa266933064c9a53afa39540e0d) Importer(815301076,1909f56bfc062723c751e8b465ee728b)
Start importing Assets/Levels/Level5 1.prefab using Guid(701defa266933064c9a53afa39540e0d) Importer(815301076,1909f56bfc062723c751e8b465ee728b)  -> (artifact id: '7ef5199df040decbfcec69e74d5cdf77') in 0.072337 seconds
Number of updated asset objects reloaded before import = 0
Number of asset objects unloaded after import = 1439
========================================================================
Received Import Request.
  Time since last request: 0.000016 seconds.
  path: Assets/Levels/Level3 1.prefab
  artifactKey: Guid(900aaef6408f154499692d8bb1e82038) Importer(815301076,1909f56bfc062723c751e8b465ee728b)
Start importing Assets/Levels/Level3 1.prefab using Guid(900aaef6408f154499692d8bb1e82038) Importer(815301076,1909f56bfc062723c751e8b465ee728b)  -> (artifact id: '5da9c8083cb60c11986d370b3217109a') in 0.060620 seconds
Number of updated asset objects reloaded before import = 0
Number of asset objects unloaded after import = 1266
========================================================================
Received Import Request.
  Time since last request: 36.372708 seconds.
  path: Assets/Materials/LightBlue.mat
  artifactKey: Guid(fe444b14f23797543ab73a16928bea50) Importer(815301076,1909f56bfc062723c751e8b465ee728b)
Start importing Assets/Materials/LightBlue.mat using Guid(fe444b14f23797543ab73a16928bea50) Importer(815301076,1909f56bfc062723c751e8b465ee728b)  -> (artifact id: '2bb95969298b571c5a5e3479fa375f6d') in 0.006485 seconds
Number of updated asset objects reloaded before import = 0
Number of asset objects unloaded after import = 2
========================================================================
Received Import Request.
  Time since last request: 85.963518 seconds.
  path: Assets/Levels/Level1.prefab
  artifactKey: Guid(20372021cdc91ed49a45e0237883943a) Importer(815301076,1909f56bfc062723c751e8b465ee728b)
Start importing Assets/Levels/Level1.prefab using Guid(20372021cdc91ed49a45e0237883943a) Importer(815301076,1909f56bfc062723c751e8b465ee728b)  -> (artifact id: '36d6710a404d2ac090147b84e1ace7ee') in 0.035790 seconds
Number of updated asset objects reloaded before import = 0
Number of asset objects unloaded after import = 1518
========================================================================
Received Import Request.
  Time since last request: 0.000018 seconds.
  path: Assets/Levels/Level5.prefab
  artifactKey: Guid(379b5326bcae29745af43a8eaa96d066) Importer(815301076,1909f56bfc062723c751e8b465ee728b)
Start importing Assets/Levels/Level5.prefab using Guid(379b5326bcae29745af43a8eaa96d066) Importer(815301076,1909f56bfc062723c751e8b465ee728b)  -> (artifact id: 'b1c6a4e2a38538fef8e4680410d18fa7') in 0.031604 seconds
Number of updated asset objects reloaded before import = 0
Number of asset objects unloaded after import = 1695
========================================================================
Received Import Request.
  Time since last request: 0.000012 seconds.
  path: Assets/Levels/Level3.prefab
  artifactKey: Guid(7ae53e499ea92cc4c9094af3e6aba98b) Importer(815301076,1909f56bfc062723c751e8b465ee728b)
Start importing Assets/Levels/Level3.prefab using Guid(7ae53e499ea92cc4c9094af3e6aba98b) Importer(815301076,1909f56bfc062723c751e8b465ee728b)  -> (artifact id: '1156cbd173693102d2c4d58eeabb5ca1') in 0.035999 seconds
Number of updated asset objects reloaded before import = 0
Number of asset objects unloaded after import = 1715
========================================================================
Received Import Request.
  Time since last request: 0.000017 seconds.
  path: Assets/Levels/Level4 1.prefab
  artifactKey: Guid(3c6bb1b3004e0694b9420e4aae0bbca8) Importer(815301076,1909f56bfc062723c751e8b465ee728b)
Start importing Assets/Levels/Level4 1.prefab using Guid(3c6bb1b3004e0694b9420e4aae0bbca8) Importer(815301076,1909f56bfc062723c751e8b465ee728b)  -> (artifact id: '916a2903e75b20b2cffd5b5ff8e9a84d') in 0.056917 seconds
Number of updated asset objects reloaded before import = 0
Number of asset objects unloaded after import = 1233
========================================================================
Received Import Request.
  Time since last request: 0.000021 seconds.
  path: Assets/Levels/Level5 1.prefab
  artifactKey: Guid(701defa266933064c9a53afa39540e0d) Importer(815301076,1909f56bfc062723c751e8b465ee728b)
Start importing Assets/Levels/Level5 1.prefab using Guid(701defa266933064c9a53afa39540e0d) Importer(815301076,1909f56bfc062723c751e8b465ee728b)  -> (artifact id: '32915a7eb76abb3daf6042845e717222') in 0.061063 seconds
Number of updated asset objects reloaded before import = 0
Number of asset objects unloaded after import = 1439
========================================================================
Received Import Request.
  Time since last request: 0.000013 seconds.
  path: Assets/Levels/Level2 1.prefab
  artifactKey: Guid(44371af1ac241d740ab19e7640fdcbc7) Importer(815301076,1909f56bfc062723c751e8b465ee728b)
Start importing Assets/Levels/Level2 1.prefab using Guid(44371af1ac241d740ab19e7640fdcbc7) Importer(815301076,1909f56bfc062723c751e8b465ee728b)  -> (artifact id: 'fe9b736ddc044328381256585c58afe7') in 0.063111 seconds
Number of updated asset objects reloaded before import = 0
Number of asset objects unloaded after import = 1523
========================================================================
Received Import Request.
  Time since last request: 0.000015 seconds.
  path: Assets/Levels/Level2.prefab
  artifactKey: Guid(af21005e1b695b748ab12b5efc125e92) Importer(815301076,1909f56bfc062723c751e8b465ee728b)
Start importing Assets/Levels/Level2.prefab using Guid(af21005e1b695b748ab12b5efc125e92) Importer(815301076,1909f56bfc062723c751e8b465ee728b)  -> (artifact id: 'bce1f0062559315a9f4c6a0b83df19e8') in 0.036141 seconds
Number of updated asset objects reloaded before import = 0
Number of asset objects unloaded after import = 1475
========================================================================
Received Import Request.
  Time since last request: 0.000015 seconds.
  path: Assets/Levels/Level4.prefab
  artifactKey: Guid(29138e28a91ae9245b8be6be8949d962) Importer(815301076,1909f56bfc062723c751e8b465ee728b)
Start importing Assets/Levels/Level4.prefab using Guid(29138e28a91ae9245b8be6be8949d962) Importer(815301076,1909f56bfc062723c751e8b465ee728b)  -> (artifact id: '7af76417edb08f0756fe1ef8f932e469') in 0.030931 seconds
Number of updated asset objects reloaded before import = 0
Number of asset objects unloaded after import = 1510
========================================================================
Received Import Request.
  Time since last request: 36.386911 seconds.
  path: Assets/Prefabs/CopCar.prefab
  artifactKey: Guid(0de682f71b80253459d9d750278e66de) Importer(815301076,1909f56bfc062723c751e8b465ee728b)
Start importing Assets/Prefabs/CopCar.prefab using Guid(0de682f71b80253459d9d750278e66de) Importer(815301076,1909f56bfc062723c751e8b465ee728b)  -> (artifact id: 'dbabac48dff012e732c074387680a1f7') in 0.014744 seconds
Number of updated asset objects reloaded before import = 0
Number of asset objects unloaded after import = 282
========================================================================
Received Prepare
Begin MonoManager ReloadAssembly
- Loaded All Assemblies, in  0.335 seconds
Refreshing native plugins compatible for Editor in 1.78 ms, found 0 plugins.
Native extension for WindowsStandalone target not found
Mono: successfully reloaded assembly
- Finished resetting the current domain, in  0.598 seconds
Domain Reload Profiling: 931ms
	BeginReloadAssembly (141ms)
		ExecutionOrderSort (0ms)
		DisableScriptedObjects (8ms)
		BackupInstance (0ms)
		ReleaseScriptingObjects (0ms)
		CreateAndSetChildDomain (41ms)
	RebuildCommonClasses (22ms)
	RebuildNativeTypeToScriptingClass (7ms)
	initialDomainReloadingComplete (22ms)
	LoadAllAssembliesAndSetupDomain (141ms)
		LoadAssemblies (193ms)
		RebuildTransferFunctionScriptingTraits (0ms)
		AnalyzeDomain (13ms)
			TypeCache.Refresh (3ms)
				TypeCache.ScanAssembly (0ms)
			ScanForSourceGeneratedMonoScriptInfo (0ms)
			ResolveRequiredComponents (9ms)
	FinalizeReload (598ms)
		ReleaseScriptCaches (0ms)
		RebuildScriptCaches (0ms)
		SetupLoadedEditorAssemblies (233ms)
			LogAssemblyErrors (0ms)
			InitializePlatformSupportModulesInManaged (5ms)
			SetLoadedEditorAssemblies (2ms)
			RefreshPlugins (0ms)
			BeforeProcessingInitializeOnLoad (39ms)
			ProcessInitializeOnLoadAttributes (134ms)
			ProcessInitializeOnLoadMethodAttributes (45ms)
			AfterProcessingInitializeOnLoad (7ms)
			EditorAssembliesLoaded (0ms)
		ExecutionOrderSort2 (0ms)
		AwakeInstancesAfterBackupRestoration (9ms)
Refreshing native plugins compatible for Editor in 1.65 ms, found 0 plugins.
Preloading 0 native plugins for Editor in 0.00 ms.
Unloading 3030 Unused Serialized files (Serialized files now loaded: 0)
Unloading 25 unused Assets / (416.7 KB). Loaded Objects now: 3816.
Memory consumption went from 138.9 MB to 138.5 MB.
Total: 3.798000 ms (FindLiveObjects: 0.273800 ms CreateObjectMapping: 0.044600 ms MarkObjects: 3.315700 ms  DeleteObjects: 0.163300 ms)

Prepare: number of updated asset objects reloaded= 0
AssetImportParameters requested are different than current active one (requested -> active):
  custom:video-decoder-webm-vp8: 9c59270c3fd7afecdb556c50c9e8de78 -> 
  custom:SearchIndexIgnoredProperties: e643bd26f0fe6173181afceb89e7c659 -> 
  custom:container-demuxer-ogg: 62fdf1f143b41e24485cea50d1cbac27 -> 
  custom:AudioImporter_EditorPlatform: d09bf68614088b80899f8185d706f6e7 -> 
  custom:video-codec-MediaFoundation-h265: 746d11721c4dcdbdad8f713fa42b33f4 -> 
  custom:video-decoder-ogg-theora: a1e56fd34408186e4bbccfd4996cb3dc -> 
  custom:framework-win-MediaFoundation: 216162199b28c13a410421893ffa2e32 -> 
  custom:video-encoder-webm-vp8: eb34c28f22e8b96e1ab97ce403110664 -> 
  custom:audio-decoder-ogg-vorbis: bf7c407c2cedff20999df2af8eb42d56 -> 
  custom:CustomObjectIndexerAttribute: a3ef5dd2817f97addfee359851a9dba5 -> 
  custom:container-demuxer-webm: 4f35f7cbe854078d1ac9338744f61a02 -> 
  custom:audio-encoder-webm-vorbis: bf7c407c2cedff20999df2af8eb42d56 -> 
  custom:container-muxer-webm: aa71ff27fc2769a1b78a27578f13a17b -> 
========================================================================
Received Import Request.
  Time since last request: 2499.596754 seconds.
  path: Assets/Levels/Level1.prefab
  artifactKey: Guid(20372021cdc91ed49a45e0237883943a) Importer(815301076,1909f56bfc062723c751e8b465ee728b)
Start importing Assets/Levels/Level1.prefab using Guid(20372021cdc91ed49a45e0237883943a) Importer(815301076,1909f56bfc062723c751e8b465ee728b)  -> (artifact id: '164fcb8e52e9da45fc3940458b81b59e') in 0.191953 seconds
Number of updated asset objects reloaded before import = 0
Number of asset objects unloaded after import = 532
========================================================================
Received Import Request.
  Time since last request: 0.000014 seconds.
  path: Assets/Levels/Level5.prefab
  artifactKey: Guid(379b5326bcae29745af43a8eaa96d066) Importer(815301076,1909f56bfc062723c751e8b465ee728b)
Start importing Assets/Levels/Level5.prefab using Guid(379b5326bcae29745af43a8eaa96d066) Importer(815301076,1909f56bfc062723c751e8b465ee728b)  -> (artifact id: '1790f0134307a5382357c92310075d58') in 0.033371 seconds
Number of updated asset objects reloaded before import = 0
Number of asset objects unloaded after import = 1066
========================================================================
Received Import Request.
  Time since last request: 0.000021 seconds.
  path: Assets/Levels/Level3.prefab
  artifactKey: Guid(7ae53e499ea92cc4c9094af3e6aba98b) Importer(815301076,1909f56bfc062723c751e8b465ee728b)
Start importing Assets/Levels/Level3.prefab using Guid(7ae53e499ea92cc4c9094af3e6aba98b) Importer(815301076,1909f56bfc062723c751e8b465ee728b)  -> (artifact id: 'cf6d3e8f4221ec86bdd42a72939b09da') in 0.029655 seconds
Number of updated asset objects reloaded before import = 0
Number of asset objects unloaded after import = 1134
========================================================================
Received Import Request.
  Time since last request: 0.000017 seconds.
  path: Assets/Levels/Level4 1.prefab
  artifactKey: Guid(3c6bb1b3004e0694b9420e4aae0bbca8) Importer(815301076,1909f56bfc062723c751e8b465ee728b)
Start importing Assets/Levels/Level4 1.prefab using Guid(3c6bb1b3004e0694b9420e4aae0bbca8) Importer(815301076,1909f56bfc062723c751e8b465ee728b)  -> (artifact id: '329a819b005f2e24545288ccb76b1ac4') in 0.053936 seconds
Number of updated asset objects reloaded before import = 0
Number of asset objects unloaded after import = 640
========================================================================
Received Import Request.
  Time since last request: 0.000015 seconds.
  path: Assets/Levels/Level2 1.prefab
  artifactKey: Guid(44371af1ac241d740ab19e7640fdcbc7) Importer(815301076,1909f56bfc062723c751e8b465ee728b)
Start importing Assets/Levels/Level2 1.prefab using Guid(44371af1ac241d740ab19e7640fdcbc7) Importer(815301076,1909f56bfc062723c751e8b465ee728b)  -> (artifact id: '6134a7f2b319b244e61533f0af7d744a') in 0.058789 seconds
Number of updated asset objects reloaded before import = 0
Number of asset objects unloaded after import = 936
========================================================================
Received Import Request.
  Time since last request: 0.000014 seconds.
  path: Assets/Levels/Level2.prefab
  artifactKey: Guid(af21005e1b695b748ab12b5efc125e92) Importer(815301076,1909f56bfc062723c751e8b465ee728b)
Start importing Assets/Levels/Level2.prefab using Guid(af21005e1b695b748ab12b5efc125e92) Importer(815301076,1909f56bfc062723c751e8b465ee728b)  -> (artifact id: '95beabad433288613b96c9d403070d05') in 0.034412 seconds
Number of updated asset objects reloaded before import = 0
Number of asset objects unloaded after import = 870
========================================================================
Received Import Request.
  Time since last request: 0.000026 seconds.
  path: Assets/Levels/Level4.prefab
  artifactKey: Guid(29138e28a91ae9245b8be6be8949d962) Importer(815301076,1909f56bfc062723c751e8b465ee728b)
Start importing Assets/Levels/Level4.prefab using Guid(29138e28a91ae9245b8be6be8949d962) Importer(815301076,1909f56bfc062723c751e8b465ee728b)  -> (artifact id: '0b127b8347d0eba8fdd7f005c205f2af') in 0.027374 seconds
Number of updated asset objects reloaded before import = 0
Number of asset objects unloaded after import = 917
========================================================================
Received Import Request.
  Time since last request: 9.488190 seconds.
  path: Assets/FX_Kandol_Pack/FX Fire II/Prefabs/FX_Fire_Loop1.prefab
  artifactKey: Guid(2aeb421170308b946bd9a970beaf9c64) Importer(815301076,1909f56bfc062723c751e8b465ee728b)
Start importing Assets/FX_Kandol_Pack/FX Fire II/Prefabs/FX_Fire_Loop1.prefab using Guid(2aeb421170308b946bd9a970beaf9c64) Importer(815301076,1909f56bfc062723c751e8b465ee728b)  -> (artifact id: '88e2a7eb99aa460f9075d3ca92dcac55') in 0.013940 seconds
Number of updated asset objects reloaded before import = 0
Number of asset objects unloaded after import = 9
========================================================================
Received Import Request.
  Time since last request: 0.000013 seconds.
  path: Assets/FX_Kandol_Pack/FX Fire II/Prefabs/Explosions/FX_Fire_Trail_ParticleSystem04.prefab
  artifactKey: Guid(d248038fa16205040907d5f75d65fee4) Importer(815301076,1909f56bfc062723c751e8b465ee728b)
Start importing Assets/FX_Kandol_Pack/FX Fire II/Prefabs/Explosions/FX_Fire_Trail_ParticleSystem04.prefab using Guid(d248038fa16205040907d5f75d65fee4) Importer(815301076,1909f56bfc062723c751e8b465ee728b)  -> (artifact id: 'be59ce8c95a32c61cf777921de9e57be') in 0.010092 seconds
Number of updated asset objects reloaded before import = 0
Number of asset objects unloaded after import = 17
========================================================================
Received Import Request.
  Time since last request: 0.000015 seconds.
  path: Assets/TextMesh Pro/Examples & Extras/Prefabs/Text Popup.prefab
  artifactKey: Guid(b06f0e6c1dfa4356ac918da1bb32c603) Importer(815301076,1909f56bfc062723c751e8b465ee728b)
Start importing Assets/TextMesh Pro/Examples & Extras/Prefabs/Text Popup.prefab using Guid(b06f0e6c1dfa4356ac918da1bb32c603) Importer(815301076,1909f56bfc062723c751e8b465ee728b)  -> (artifact id: '29c42f6077f121aa908883fa88a84d66') in 0.028886 seconds
Number of updated asset objects reloaded before import = 0
Number of asset objects unloaded after import = 21
========================================================================
Received Import Request.
  Time since last request: 0.000014 seconds.
  path: Assets/FX_Kandol_Pack/FX Fire II/Prefabs/Explosions/FX_Fire_Trail_ParticleSystem01.prefab
  artifactKey: Guid(d9ee3bc9832154740a632e73487486f5) Importer(815301076,1909f56bfc062723c751e8b465ee728b)
Start importing Assets/FX_Kandol_Pack/FX Fire II/Prefabs/Explosions/FX_Fire_Trail_ParticleSystem01.prefab using Guid(d9ee3bc9832154740a632e73487486f5) Importer(815301076,1909f56bfc062723c751e8b465ee728b)  -> (artifact id: '73e27a92c0622bc2f342d8fda5bba762') in 0.013689 seconds
Number of updated asset objects reloaded before import = 0
Number of asset objects unloaded after import = 21
========================================================================
Received Import Request.
  Time since last request: 1.551747 seconds.
  path: Assets/Levels/Level1 1.prefab
  artifactKey: Guid(c43b13197874cde47963f737cfd373bc) Importer(815301076,1909f56bfc062723c751e8b465ee728b)
Start importing Assets/Levels/Level1 1.prefab using Guid(c43b13197874cde47963f737cfd373bc) Importer(815301076,1909f56bfc062723c751e8b465ee728b)  -> (artifact id: 'e54bc12c71ae70e9d3cf183a3d62a33a') in 0.061193 seconds
Number of updated asset objects reloaded before import = 0
Number of asset objects unloaded after import = 1803
========================================================================
Received Import Request.
  Time since last request: 7.767468 seconds.
  path: Assets/Levels/Level1 1.prefab
  artifactKey: Guid(c43b13197874cde47963f737cfd373bc) Importer(815301076,1909f56bfc062723c751e8b465ee728b)
Start importing Assets/Levels/Level1 1.prefab using Guid(c43b13197874cde47963f737cfd373bc) Importer(815301076,1909f56bfc062723c751e8b465ee728b)  -> (artifact id: '174bc96285c7eb14d16d25a72857d158') in 0.061249 seconds
Number of updated asset objects reloaded before import = 0
Number of asset objects unloaded after import = 1908
========================================================================
Received Import Request.
  Time since last request: 25.797495 seconds.
  path: Assets/Levels/Level2 1.prefab
  artifactKey: Guid(44371af1ac241d740ab19e7640fdcbc7) Importer(815301076,1909f56bfc062723c751e8b465ee728b)
Start importing Assets/Levels/Level2 1.prefab using Guid(44371af1ac241d740ab19e7640fdcbc7) Importer(815301076,1909f56bfc062723c751e8b465ee728b)  -> (artifact id: '5d00866f987a58004a019b3f1bc8e349') in 0.059138 seconds
Number of updated asset objects reloaded before import = 0
Number of asset objects unloaded after import = 1705
========================================================================
Received Import Request.
  Time since last request: 14.443839 seconds.
  path: Assets/Levels/Level3 1.prefab
  artifactKey: Guid(900aaef6408f154499692d8bb1e82038) Importer(815301076,1909f56bfc062723c751e8b465ee728b)
Start importing Assets/Levels/Level3 1.prefab using Guid(900aaef6408f154499692d8bb1e82038) Importer(815301076,1909f56bfc062723c751e8b465ee728b)  -> (artifact id: '9773e39213b131e75d09a269e88e9b21') in 0.049232 seconds
Number of updated asset objects reloaded before import = 0
Number of asset objects unloaded after import = 873
========================================================================
Received Import Request.
  Time since last request: 0.545680 seconds.
  path: Assets/Levels/Level3 1.prefab
  artifactKey: Guid(900aaef6408f154499692d8bb1e82038) Importer(815301076,1909f56bfc062723c751e8b465ee728b)
Start importing Assets/Levels/Level3 1.prefab using Guid(900aaef6408f154499692d8bb1e82038) Importer(815301076,1909f56bfc062723c751e8b465ee728b)  -> (artifact id: 'c5d38b6a4bc96d15d3b10b1d29e47e0b') in 0.053190 seconds
Number of updated asset objects reloaded before import = 0
Number of asset objects unloaded after import = 1477
========================================================================
Received Import Request.
  Time since last request: 10.239990 seconds.
  path: Assets/Levels/Level4 1.prefab
  artifactKey: Guid(3c6bb1b3004e0694b9420e4aae0bbca8) Importer(815301076,1909f56bfc062723c751e8b465ee728b)
Start importing Assets/Levels/Level4 1.prefab using Guid(3c6bb1b3004e0694b9420e4aae0bbca8) Importer(815301076,1909f56bfc062723c751e8b465ee728b)  -> (artifact id: '2596afa46120ba694979ac0bcbc67372') in 0.068699 seconds
Number of updated asset objects reloaded before import = 0
Number of asset objects unloaded after import = 1444
========================================================================
Received Import Request.
  Time since last request: 12.451887 seconds.
  path: Assets/Levels/Level5 1.prefab
  artifactKey: Guid(701defa266933064c9a53afa39540e0d) Importer(815301076,1909f56bfc062723c751e8b465ee728b)
Start importing Assets/Levels/Level5 1.prefab using Guid(701defa266933064c9a53afa39540e0d) Importer(815301076,1909f56bfc062723c751e8b465ee728b)  -> (artifact id: '0df69b52f1bee389040c2aa2153e1be4') in 0.057520 seconds
Number of updated asset objects reloaded before import = 0
Number of asset objects unloaded after import = 1708
========================================================================
Received Import Request.
  Time since last request: 11.829688 seconds.
  path: Assets/Prefabs/BarricadeEmissive.prefab
  artifactKey: Guid(a01af197b5788be468505cd82540eaa6) Importer(815301076,1909f56bfc062723c751e8b465ee728b)
Start importing Assets/Prefabs/BarricadeEmissive.prefab using Guid(a01af197b5788be468505cd82540eaa6) Importer(815301076,1909f56bfc062723c751e8b465ee728b)  -> (artifact id: 'f1ca6c25224a3f7b55e4b9f77cc0244a') in 0.013999 seconds
Number of updated asset objects reloaded before import = 0
Number of asset objects unloaded after import = 632
========================================================================
Received Prepare
Begin MonoManager ReloadAssembly
- Loaded All Assemblies, in  0.255 seconds
Refreshing native plugins compatible for Editor in 1.26 ms, found 0 plugins.
Native extension for WindowsStandalone target not found
Mono: successfully reloaded assembly
- Finished resetting the current domain, in  0.505 seconds
Domain Reload Profiling: 757ms
	BeginReloadAssembly (107ms)
		ExecutionOrderSort (0ms)
		DisableScriptedObjects (5ms)
		BackupInstance (0ms)
		ReleaseScriptingObjects (0ms)
		CreateAndSetChildDomain (28ms)
	RebuildCommonClasses (19ms)
	RebuildNativeTypeToScriptingClass (6ms)
	initialDomainReloadingComplete (18ms)
	LoadAllAssembliesAndSetupDomain (102ms)
		LoadAssemblies (143ms)
		RebuildTransferFunctionScriptingTraits (0ms)
		AnalyzeDomain (8ms)
			TypeCache.Refresh (2ms)
				TypeCache.ScanAssembly (0ms)
			ScanForSourceGeneratedMonoScriptInfo (0ms)
			ResolveRequiredComponents (5ms)
	FinalizeReload (505ms)
		ReleaseScriptCaches (0ms)
		RebuildScriptCaches (0ms)
		SetupLoadedEditorAssemblies (205ms)
			LogAssemblyErrors (0ms)
			InitializePlatformSupportModulesInManaged (4ms)
			SetLoadedEditorAssemblies (2ms)
			RefreshPlugins (0ms)
			BeforeProcessingInitializeOnLoad (38ms)
			ProcessInitializeOnLoadAttributes (119ms)
			ProcessInitializeOnLoadMethodAttributes (36ms)
			AfterProcessingInitializeOnLoad (6ms)
			EditorAssembliesLoaded (0ms)
		ExecutionOrderSort2 (0ms)
		AwakeInstancesAfterBackupRestoration (8ms)
Refreshing native plugins compatible for Editor in 2.57 ms, found 0 plugins.
Preloading 0 native plugins for Editor in 0.00 ms.
Unloading 3030 Unused Serialized files (Serialized files now loaded: 0)
Unloading 26 unused Assets / (416.9 KB). Loaded Objects now: 3868.
Memory consumption went from 139.2 MB to 138.8 MB.
Total: 3.099000 ms (FindLiveObjects: 0.232000 ms CreateObjectMapping: 0.049600 ms MarkObjects: 2.651600 ms  DeleteObjects: 0.165000 ms)

Prepare: number of updated asset objects reloaded= 0
AssetImportParameters requested are different than current active one (requested -> active):
  custom:video-decoder-webm-vp8: 9c59270c3fd7afecdb556c50c9e8de78 -> 
  custom:SearchIndexIgnoredProperties: e643bd26f0fe6173181afceb89e7c659 -> 
  custom:container-demuxer-ogg: 62fdf1f143b41e24485cea50d1cbac27 -> 
  custom:AudioImporter_EditorPlatform: d09bf68614088b80899f8185d706f6e7 -> 
  custom:video-codec-MediaFoundation-h265: 746d11721c4dcdbdad8f713fa42b33f4 -> 
  custom:video-decoder-ogg-theora: a1e56fd34408186e4bbccfd4996cb3dc -> 
  custom:framework-win-MediaFoundation: 216162199b28c13a410421893ffa2e32 -> 
  custom:video-encoder-webm-vp8: eb34c28f22e8b96e1ab97ce403110664 -> 
  custom:audio-decoder-ogg-vorbis: bf7c407c2cedff20999df2af8eb42d56 -> 
  custom:CustomObjectIndexerAttribute: a3ef5dd2817f97addfee359851a9dba5 -> 
  custom:container-demuxer-webm: 4f35f7cbe854078d1ac9338744f61a02 -> 
  custom:audio-encoder-webm-vorbis: bf7c407c2cedff20999df2af8eb42d56 -> 
  custom:container-muxer-webm: aa71ff27fc2769a1b78a27578f13a17b -> 
========================================================================
Received Prepare
Begin MonoManager ReloadAssembly
- Loaded All Assemblies, in  0.251 seconds
Refreshing native plugins compatible for Editor in 1.17 ms, found 0 plugins.
Native extension for WindowsStandalone target not found
Mono: successfully reloaded assembly
- Finished resetting the current domain, in  0.524 seconds
Domain Reload Profiling: 772ms
	BeginReloadAssembly (99ms)
		ExecutionOrderSort (0ms)
		DisableScriptedObjects (3ms)
		BackupInstance (0ms)
		ReleaseScriptingObjects (0ms)
		CreateAndSetChildDomain (21ms)
	RebuildCommonClasses (19ms)
	RebuildNativeTypeToScriptingClass (6ms)
	initialDomainReloadingComplete (19ms)
	LoadAllAssembliesAndSetupDomain (104ms)
		LoadAssemblies (145ms)
		RebuildTransferFunctionScriptingTraits (0ms)
		AnalyzeDomain (8ms)
			TypeCache.Refresh (2ms)
				TypeCache.ScanAssembly (0ms)
			ScanForSourceGeneratedMonoScriptInfo (0ms)
			ResolveRequiredComponents (5ms)
	FinalizeReload (524ms)
		ReleaseScriptCaches (0ms)
		RebuildScriptCaches (0ms)
		SetupLoadedEditorAssemblies (215ms)
			LogAssemblyErrors (0ms)
			InitializePlatformSupportModulesInManaged (4ms)
			SetLoadedEditorAssemblies (2ms)
			RefreshPlugins (0ms)
			BeforeProcessingInitializeOnLoad (37ms)
			ProcessInitializeOnLoadAttributes (124ms)
			ProcessInitializeOnLoadMethodAttributes (42ms)
			AfterProcessingInitializeOnLoad (6ms)
			EditorAssembliesLoaded (0ms)
		ExecutionOrderSort2 (0ms)
		AwakeInstancesAfterBackupRestoration (7ms)
Refreshing native plugins compatible for Editor in 2.19 ms, found 0 plugins.
Preloading 0 native plugins for Editor in 0.00 ms.
Unloading 3030 Unused Serialized files (Serialized files now loaded: 0)
Unloading 25 unused Assets / (416.7 KB). Loaded Objects now: 3884.
Memory consumption went from 139.1 MB to 138.7 MB.
Total: 2.634300 ms (FindLiveObjects: 0.233000 ms CreateObjectMapping: 0.044700 ms MarkObjects: 2.204300 ms  DeleteObjects: 0.151500 ms)

Prepare: number of updated asset objects reloaded= 0
AssetImportParameters requested are different than current active one (requested -> active):
  custom:video-decoder-webm-vp8: 9c59270c3fd7afecdb556c50c9e8de78 -> 
  custom:SearchIndexIgnoredProperties: e643bd26f0fe6173181afceb89e7c659 -> 
  custom:container-demuxer-ogg: 62fdf1f143b41e24485cea50d1cbac27 -> 
  custom:AudioImporter_EditorPlatform: d09bf68614088b80899f8185d706f6e7 -> 
  custom:video-codec-MediaFoundation-h265: 746d11721c4dcdbdad8f713fa42b33f4 -> 
  custom:video-decoder-ogg-theora: a1e56fd34408186e4bbccfd4996cb3dc -> 
  custom:framework-win-MediaFoundation: 216162199b28c13a410421893ffa2e32 -> 
  custom:video-encoder-webm-vp8: eb34c28f22e8b96e1ab97ce403110664 -> 
  custom:audio-decoder-ogg-vorbis: bf7c407c2cedff20999df2af8eb42d56 -> 
  custom:CustomObjectIndexerAttribute: a3ef5dd2817f97addfee359851a9dba5 -> 
  custom:container-demuxer-webm: 4f35f7cbe854078d1ac9338744f61a02 -> 
  custom:audio-encoder-webm-vorbis: bf7c407c2cedff20999df2af8eb42d56 -> 
  custom:container-muxer-webm: aa71ff27fc2769a1b78a27578f13a17b -> 
========================================================================
Received Import Request.
  Time since last request: 51.129059 seconds.
  path: Assets/Prefabs/BarricadeEmissive.prefab
  artifactKey: Guid(a01af197b5788be468505cd82540eaa6) Importer(815301076,1909f56bfc062723c751e8b465ee728b)
Start importing Assets/Prefabs/BarricadeEmissive.prefab using Guid(a01af197b5788be468505cd82540eaa6) Importer(815301076,1909f56bfc062723c751e8b465ee728b)  -> (artifact id: '7395770eb7830e3d3a29618f51f40049') in 0.164526 seconds
Number of updated asset objects reloaded before import = 0
Number of asset objects unloaded after import = 449
========================================================================
Received Prepare
Begin MonoManager ReloadAssembly
- Loaded All Assemblies, in  0.257 seconds
Refreshing native plugins compatible for Editor in 1.42 ms, found 0 plugins.
Native extension for WindowsStandalone target not found
Mono: successfully reloaded assembly
- Finished resetting the current domain, in  0.520 seconds
Domain Reload Profiling: 775ms
	BeginReloadAssembly (106ms)
		ExecutionOrderSort (0ms)
		DisableScriptedObjects (6ms)
		BackupInstance (0ms)
		ReleaseScriptingObjects (0ms)
		CreateAndSetChildDomain (26ms)
	RebuildCommonClasses (20ms)
	RebuildNativeTypeToScriptingClass (6ms)
	initialDomainReloadingComplete (19ms)
	LoadAllAssembliesAndSetupDomain (102ms)
		LoadAssemblies (143ms)
		RebuildTransferFunctionScriptingTraits (0ms)
		AnalyzeDomain (9ms)
			TypeCache.Refresh (2ms)
				TypeCache.ScanAssembly (0ms)
			ScanForSourceGeneratedMonoScriptInfo (0ms)
			ResolveRequiredComponents (6ms)
	FinalizeReload (520ms)
		ReleaseScriptCaches (0ms)
		RebuildScriptCaches (0ms)
		SetupLoadedEditorAssemblies (214ms)
			LogAssemblyErrors (0ms)
			InitializePlatformSupportModulesInManaged (4ms)
			SetLoadedEditorAssemblies (2ms)
			RefreshPlugins (0ms)
			BeforeProcessingInitializeOnLoad (38ms)
			ProcessInitializeOnLoadAttributes (126ms)
			ProcessInitializeOnLoadMethodAttributes (38ms)
			AfterProcessingInitializeOnLoad (6ms)
			EditorAssembliesLoaded (0ms)
		ExecutionOrderSort2 (0ms)
		AwakeInstancesAfterBackupRestoration (8ms)
Refreshing native plugins compatible for Editor in 1.55 ms, found 0 plugins.
Preloading 0 native plugins for Editor in 0.00 ms.
Unloading 3030 Unused Serialized files (Serialized files now loaded: 0)
Unloading 25 unused Assets / (416.8 KB). Loaded Objects now: 3936.
Memory consumption went from 139.3 MB to 138.9 MB.
Total: 3.406500 ms (FindLiveObjects: 0.380900 ms CreateObjectMapping: 0.099500 ms MarkObjects: 2.754100 ms  DeleteObjects: 0.171100 ms)

Prepare: number of updated asset objects reloaded= 0
AssetImportParameters requested are different than current active one (requested -> active):
  custom:video-decoder-webm-vp8: 9c59270c3fd7afecdb556c50c9e8de78 -> 
  custom:SearchIndexIgnoredProperties: e643bd26f0fe6173181afceb89e7c659 -> 
  custom:container-demuxer-ogg: 62fdf1f143b41e24485cea50d1cbac27 -> 
  custom:AudioImporter_EditorPlatform: d09bf68614088b80899f8185d706f6e7 -> 
  custom:video-codec-MediaFoundation-h265: 746d11721c4dcdbdad8f713fa42b33f4 -> 
  custom:video-decoder-ogg-theora: a1e56fd34408186e4bbccfd4996cb3dc -> 
  custom:framework-win-MediaFoundation: 216162199b28c13a410421893ffa2e32 -> 
  custom:video-encoder-webm-vp8: eb34c28f22e8b96e1ab97ce403110664 -> 
  custom:audio-decoder-ogg-vorbis: bf7c407c2cedff20999df2af8eb42d56 -> 
  custom:CustomObjectIndexerAttribute: a3ef5dd2817f97addfee359851a9dba5 -> 
  custom:container-demuxer-webm: 4f35f7cbe854078d1ac9338744f61a02 -> 
  custom:audio-encoder-webm-vorbis: bf7c407c2cedff20999df2af8eb42d56 -> 
  custom:container-muxer-webm: aa71ff27fc2769a1b78a27578f13a17b -> 
========================================================================
Received Import Request.
  Time since last request: 625.914017 seconds.
  path: Assets/Prefabs/Models/CopLight.fbx
  artifactKey: Guid(4769a9b24533ae24bab90f297a4a5657) Importer(815301076,1909f56bfc062723c751e8b465ee728b)
Start importing Assets/Prefabs/Models/CopLight.fbx using Guid(4769a9b24533ae24bab90f297a4a5657) Importer(815301076,1909f56bfc062723c751e8b465ee728b)  -> (artifact id: '35c2448493aeee58f0637cb94a1124ca') in 0.353403 seconds
Number of updated asset objects reloaded before import = 0
Number of asset objects unloaded after import = 174
========================================================================
Received Import Request.
  Time since last request: 26.864784 seconds.
  path: Assets/Materials/CopRed.mat
  artifactKey: Guid(06fac5dd1da9efa4480309f59f966abe) Importer(815301076,1909f56bfc062723c751e8b465ee728b)
Start importing Assets/Materials/CopRed.mat using Guid(06fac5dd1da9efa4480309f59f966abe) Importer(815301076,1909f56bfc062723c751e8b465ee728b)  -> (artifact id: 'e03f0e6a542cde7a68dc30fd5a3ba178') in 0.006574 seconds
Number of updated asset objects reloaded before import = 0
Number of asset objects unloaded after import = 2
========================================================================
Received Import Request.
  Time since last request: 27.242889 seconds.
  path: Assets/Materials/CopBlue.mat
  artifactKey: Guid(2d5b98ca3bbad5a45acf4d530a3774da) Importer(815301076,1909f56bfc062723c751e8b465ee728b)
Start importing Assets/Materials/CopBlue.mat using Guid(2d5b98ca3bbad5a45acf4d530a3774da) Importer(815301076,1909f56bfc062723c751e8b465ee728b)  -> (artifact id: 'e55fca715fe33b4bb3459dba71320241') in 0.013224 seconds
Number of updated asset objects reloaded before import = 0
Number of asset objects unloaded after import = 2
========================================================================
Received Import Request.
  Time since last request: 85.044988 seconds.
  path: Assets/Prefabs/FinalCopCar.prefab
  artifactKey: Guid(bfaf94f074d04d4499c7b409ba08b1e2) Importer(815301076,1909f56bfc062723c751e8b465ee728b)
Start importing Assets/Prefabs/FinalCopCar.prefab using Guid(bfaf94f074d04d4499c7b409ba08b1e2) Importer(815301076,1909f56bfc062723c751e8b465ee728b)  -> (artifact id: '325263dd506d1c138c7f0339d8d0f7aa') in 0.019673 seconds
Number of updated asset objects reloaded before import = 0
Number of asset objects unloaded after import = 273
========================================================================
Received Import Request.
  Time since last request: 20.378402 seconds.
  path: Assets/Materials/CopBlue.mat
  artifactKey: Guid(2d5b98ca3bbad5a45acf4d530a3774da) Importer(815301076,1909f56bfc062723c751e8b465ee728b)
Start importing Assets/Materials/CopBlue.mat using Guid(2d5b98ca3bbad5a45acf4d530a3774da) Importer(815301076,1909f56bfc062723c751e8b465ee728b)  -> (artifact id: 'a7025ac4fbe93cb301721328c3e23edc') in 0.006190 seconds
Number of updated asset objects reloaded before import = 0
Number of asset objects unloaded after import = 2
========================================================================
Received Import Request.
  Time since last request: 14.462871 seconds.
  path: Assets/Materials/OrangeLight.mat
  artifactKey: Guid(2ebeb23f746d3e945acd2d2d1e89da0d) Importer(815301076,1909f56bfc062723c751e8b465ee728b)
Start importing Assets/Materials/OrangeLight.mat using Guid(2ebeb23f746d3e945acd2d2d1e89da0d) Importer(815301076,1909f56bfc062723c751e8b465ee728b)  -> (artifact id: '92520fca00fc9a531b48a6beade8ce1e') in 0.006186 seconds
Number of updated asset objects reloaded before import = 0
Number of asset objects unloaded after import = 2
========================================================================
Received Import Request.
  Time since last request: 35.138176 seconds.
  path: Assets/Prefabs/FinalCopCar.prefab
  artifactKey: Guid(bfaf94f074d04d4499c7b409ba08b1e2) Importer(815301076,1909f56bfc062723c751e8b465ee728b)
Start importing Assets/Prefabs/FinalCopCar.prefab using Guid(bfaf94f074d04d4499c7b409ba08b1e2) Importer(815301076,1909f56bfc062723c751e8b465ee728b)  -> (artifact id: '5a9902c0608c664538e8349667197d62') in 0.017152 seconds
Number of updated asset objects reloaded before import = 0
Number of asset objects unloaded after import = 274
========================================================================
Received Import Request.
  Time since last request: 7.586773 seconds.
  path: Assets/Levels/Level1.prefab
  artifactKey: Guid(20372021cdc91ed49a45e0237883943a) Importer(815301076,1909f56bfc062723c751e8b465ee728b)
Start importing Assets/Levels/Level1.prefab using Guid(20372021cdc91ed49a45e0237883943a) Importer(815301076,1909f56bfc062723c751e8b465ee728b)  -> (artifact id: '51c16c2aa59e768dd12946d45f6b232f') in 0.017276 seconds
Number of updated asset objects reloaded before import = 0
Number of asset objects unloaded after import = 385
========================================================================
Received Import Request.
  Time since last request: 0.005443 seconds.
  path: Assets/Levels/Level5.prefab
  artifactKey: Guid(379b5326bcae29745af43a8eaa96d066) Importer(815301076,1909f56bfc062723c751e8b465ee728b)
Start importing Assets/Levels/Level5.prefab using Guid(379b5326bcae29745af43a8eaa96d066) Importer(815301076,1909f56bfc062723c751e8b465ee728b)  -> (artifact id: '367cdd8621707970bc1049929e1d1717') in 0.027086 seconds
Number of updated asset objects reloaded before import = 0
Number of asset objects unloaded after import = 404
========================================================================
Received Import Request.
  Time since last request: 0.000017 seconds.
  path: Assets/Levels/Level3.prefab
  artifactKey: Guid(7ae53e499ea92cc4c9094af3e6aba98b) Importer(815301076,1909f56bfc062723c751e8b465ee728b)
Start importing Assets/Levels/Level3.prefab using Guid(7ae53e499ea92cc4c9094af3e6aba98b) Importer(815301076,1909f56bfc062723c751e8b465ee728b)  -> (artifact id: '31e5f11902b1c6105465f6ab046f0a1c') in 0.020562 seconds
Number of updated asset objects reloaded before import = 0
Number of asset objects unloaded after import = 472
========================================================================
Received Import Request.
  Time since last request: 0.000013 seconds.
  path: Assets/Levels/Level4 1.prefab
  artifactKey: Guid(3c6bb1b3004e0694b9420e4aae0bbca8) Importer(815301076,1909f56bfc062723c751e8b465ee728b)
Start importing Assets/Levels/Level4 1.prefab using Guid(3c6bb1b3004e0694b9420e4aae0bbca8) Importer(815301076,1909f56bfc062723c751e8b465ee728b)  -> (artifact id: '342404afea56241008387aae063e46ba') in 0.062752 seconds
Number of updated asset objects reloaded before import = 0
Number of asset objects unloaded after import = 1039
========================================================================
Received Import Request.
  Time since last request: 0.000019 seconds.
  path: Assets/Levels/Level2 1.prefab
  artifactKey: Guid(44371af1ac241d740ab19e7640fdcbc7) Importer(815301076,1909f56bfc062723c751e8b465ee728b)
Start importing Assets/Levels/Level2 1.prefab using Guid(44371af1ac241d740ab19e7640fdcbc7) Importer(815301076,1909f56bfc062723c751e8b465ee728b)  -> (artifact id: '2ac5483b21008bfd86f70b91bf411f2a') in 0.061366 seconds
Number of updated asset objects reloaded before import = 0
Number of asset objects unloaded after import = 1044
========================================================================
Received Import Request.
  Time since last request: 0.000032 seconds.
  path: Assets/Levels/Level2.prefab
  artifactKey: Guid(af21005e1b695b748ab12b5efc125e92) Importer(815301076,1909f56bfc062723c751e8b465ee728b)
Start importing Assets/Levels/Level2.prefab using Guid(af21005e1b695b748ab12b5efc125e92) Importer(815301076,1909f56bfc062723c751e8b465ee728b)  -> (artifact id: '565d0936997feb2f850e80035bd00442') in 0.020150 seconds
Number of updated asset objects reloaded before import = 0
Number of asset objects unloaded after import = 464
========================================================================
Received Import Request.
  Time since last request: 9.669037 seconds.
  path: Assets/Levels/Level1 1.prefab
  artifactKey: Guid(c43b13197874cde47963f737cfd373bc) Importer(815301076,1909f56bfc062723c751e8b465ee728b)
Start importing Assets/Levels/Level1 1.prefab using Guid(c43b13197874cde47963f737cfd373bc) Importer(815301076,1909f56bfc062723c751e8b465ee728b)  -> (artifact id: '70ef40cbf0eee872b57e5bf6c57c6d72') in 0.108400 seconds
Number of updated asset objects reloaded before import = 0
Number of asset objects unloaded after import = 1820
========================================================================
Received Import Request.
  Time since last request: 9.374478 seconds.
  path: Assets/Levels/Level2 1.prefab
  artifactKey: Guid(44371af1ac241d740ab19e7640fdcbc7) Importer(815301076,1909f56bfc062723c751e8b465ee728b)
Start importing Assets/Levels/Level2 1.prefab using Guid(44371af1ac241d740ab19e7640fdcbc7) Importer(815301076,1909f56bfc062723c751e8b465ee728b)  -> (artifact id: '3e00b7362413bc32f1137572e63d4a05') in 0.100878 seconds
Number of updated asset objects reloaded before import = 0
Number of asset objects unloaded after import = 1637
========================================================================
Received Import Request.
  Time since last request: 11.582845 seconds.
  path: Assets/Levels/Level3 1.prefab
  artifactKey: Guid(900aaef6408f154499692d8bb1e82038) Importer(815301076,1909f56bfc062723c751e8b465ee728b)
Start importing Assets/Levels/Level3 1.prefab using Guid(900aaef6408f154499692d8bb1e82038) Importer(815301076,1909f56bfc062723c751e8b465ee728b)  -> (artifact id: '1cb8506634d857cef765bbfa62d07d34') in 0.077002 seconds
Number of updated asset objects reloaded before import = 0
Number of asset objects unloaded after import = 1449
========================================================================
Received Import Request.
  Time since last request: 5.844660 seconds.
  path: Assets/Levels/Level4 1.prefab
  artifactKey: Guid(3c6bb1b3004e0694b9420e4aae0bbca8) Importer(815301076,1909f56bfc062723c751e8b465ee728b)
Start importing Assets/Levels/Level4 1.prefab using Guid(3c6bb1b3004e0694b9420e4aae0bbca8) Importer(815301076,1909f56bfc062723c751e8b465ee728b)  -> (artifact id: 'baadbca740a7df5def1b66cdffda582f') in 0.059582 seconds
Number of updated asset objects reloaded before import = 0
Number of asset objects unloaded after import = 1416
========================================================================
Received Import Request.
  Time since last request: 6.834513 seconds.
  path: Assets/Levels/Level5 1.prefab
  artifactKey: Guid(701defa266933064c9a53afa39540e0d) Importer(815301076,1909f56bfc062723c751e8b465ee728b)
Start importing Assets/Levels/Level5 1.prefab using Guid(701defa266933064c9a53afa39540e0d) Importer(815301076,1909f56bfc062723c751e8b465ee728b)  -> (artifact id: 'f8dc31042638cdad65dfb8c5da84a03a') in 0.060713 seconds
Number of updated asset objects reloaded before import = 0
Number of asset objects unloaded after import = 1640
========================================================================
Received Prepare
Begin MonoManager ReloadAssembly
- Loaded All Assemblies, in  0.287 seconds
Refreshing native plugins compatible for Editor in 1.70 ms, found 0 plugins.
Native extension for WindowsStandalone target not found
Mono: successfully reloaded assembly
- Finished resetting the current domain, in  0.546 seconds
Domain Reload Profiling: 830ms
	BeginReloadAssembly (121ms)
		ExecutionOrderSort (0ms)
		DisableScriptedObjects (6ms)
		BackupInstance (0ms)
		ReleaseScriptingObjects (0ms)
		CreateAndSetChildDomain (29ms)
	RebuildCommonClasses (19ms)
	RebuildNativeTypeToScriptingClass (7ms)
	initialDomainReloadingComplete (21ms)
	LoadAllAssembliesAndSetupDomain (116ms)
		LoadAssemblies (165ms)
		RebuildTransferFunctionScriptingTraits (0ms)
		AnalyzeDomain (9ms)
			TypeCache.Refresh (3ms)
				TypeCache.ScanAssembly (0ms)
			ScanForSourceGeneratedMonoScriptInfo (0ms)
			ResolveRequiredComponents (6ms)
	FinalizeReload (546ms)
		ReleaseScriptCaches (0ms)
		RebuildScriptCaches (0ms)
		SetupLoadedEditorAssemblies (221ms)
			LogAssemblyErrors (0ms)
			InitializePlatformSupportModulesInManaged (4ms)
			SetLoadedEditorAssemblies (2ms)
			RefreshPlugins (0ms)
			BeforeProcessingInitializeOnLoad (38ms)
			ProcessInitializeOnLoadAttributes (130ms)
			ProcessInitializeOnLoadMethodAttributes (38ms)
			AfterProcessingInitializeOnLoad (8ms)
			EditorAssembliesLoaded (0ms)
		ExecutionOrderSort2 (0ms)
		AwakeInstancesAfterBackupRestoration (8ms)
Refreshing native plugins compatible for Editor in 2.27 ms, found 0 plugins.
Preloading 0 native plugins for Editor in 0.00 ms.
Unloading 3030 Unused Serialized files (Serialized files now loaded: 0)
Unloading 25 unused Assets / (416.7 KB). Loaded Objects now: 3988.
Memory consumption went from 139.8 MB to 139.4 MB.
Total: 3.608900 ms (FindLiveObjects: 0.305900 ms CreateObjectMapping: 0.046900 ms MarkObjects: 3.088300 ms  DeleteObjects: 0.166800 ms)

Prepare: number of updated asset objects reloaded= 0
AssetImportParameters requested are different than current active one (requested -> active):
  custom:video-decoder-webm-vp8: 9c59270c3fd7afecdb556c50c9e8de78 -> 
  custom:SearchIndexIgnoredProperties: e643bd26f0fe6173181afceb89e7c659 -> 
  custom:container-demuxer-ogg: 62fdf1f143b41e24485cea50d1cbac27 -> 
  custom:AudioImporter_EditorPlatform: d09bf68614088b80899f8185d706f6e7 -> 
  custom:video-codec-MediaFoundation-h265: 746d11721c4dcdbdad8f713fa42b33f4 -> 
  custom:video-decoder-ogg-theora: a1e56fd34408186e4bbccfd4996cb3dc -> 
  custom:framework-win-MediaFoundation: 216162199b28c13a410421893ffa2e32 -> 
  custom:video-encoder-webm-vp8: eb34c28f22e8b96e1ab97ce403110664 -> 
  custom:audio-decoder-ogg-vorbis: bf7c407c2cedff20999df2af8eb42d56 -> 
  custom:CustomObjectIndexerAttribute: a3ef5dd2817f97addfee359851a9dba5 -> 
  custom:container-demuxer-webm: 4f35f7cbe854078d1ac9338744f61a02 -> 
  custom:audio-encoder-webm-vorbis: bf7c407c2cedff20999df2af8eb42d56 -> 
  custom:container-muxer-webm: aa71ff27fc2769a1b78a27578f13a17b -> 
